2019-08-05 17:03:57,222+0530 INFO  Loader JAVA Private Build OpenJDK 64-Bit Server VM 1.8.0_222
2019-08-05 17:03:57,236+0530 INFO  Loader VERSION Swift 0.96.2 git-rev: b9611649002eecd640fc6c58bbb88cb35ce03539 heads/release-0.96-swift 6287
2019-08-05 17:03:57,237+0530 INFO  Loader RUN_ID run001
2019-08-05 17:03:57,237+0530 INFO  Loader ARGUMENTS [-runid, run001, -logfile, /home/amanda/SWIFT/swift1/part02/run001/swift.log, p2.swift]
2019-08-05 17:03:57,237+0530 INFO  Loader MAX_HEAP 954728448
2019-08-05 17:03:57,237+0530 INFO  Loader GLOBUS_HOSTNAME amanda-pc
2019-08-05 17:03:57,237+0530 INFO  Loader CWD /home/amanda/SWIFT/swift1/part02/.
2019-08-05 17:03:57,257+0530 DEBUG Loader SWIFT_CONFIGURATION 
[D] /home/amanda/swift-0.96.2/etc/swift.conf
[C] <Command Line>
{
	TCPPortRange: "50000, 50100"                               # [D] line 27
	alwaysTransferWrapperLog: true                             # [D] line 61
	executionRetries: 0                                        # [D] line 137
	fileOperationsThrottle: 8                                  # [D] line 121
	fileTransfersThrottle: 4                                   # [D] line 107
	hostJobSubmitThrottle: 2                                   # [D] line 95
	jobSubmitThrottle: 4                                       # [D] line 83
	keepSiteDir: false                                         # [D] line 131
	lazyErrors: true                                           # [D] line 41
	logProvenance: false                                       # [D] line 200
	maxForeachThreads: 16384                                   # [D] line 194
	replicationEnabled: false                                  # [D] line 146
	replicationLimit: 3                                        # [D] line 157
	replicationMinQueueTime: 60                                # [D] line 153
	site.local {
		app.ALL.executable: "*"                                   # [D] line 232
		execution.type: "local"                                   # [D] line 223
		filesystem.type: "local"                                  # [D] line 226
		workDirectory: "swiftwork"                                # [D] line 229
	}
	sites: [local]                                             # [D] line 236
	tracingEnabled: false                                      # [D] line 51
}

2019-08-05 17:03:57,259+0530 DEBUG textfiles BEGIN SWIFTSCRIPT:
type file;

app (file o) simulation ()
{
  simulate stdout=filename(o);
}

foreach i in [0:9] {
  file f <single_file_mapper; file=strcat("output/sim_",i,".out")>;
  f = simulation();
}


2019-08-05 17:03:57,259+0530 DEBUG textfiles END SWIFTSCRIPT:
2019-08-05 17:03:57,269+0530 INFO  Loader p2.swift: source file is new. Recompiling.
2019-08-05 17:03:59,240+0530 INFO  Loader RUN_START
2019-08-05 17:03:59,263+0530 INFO  SwiftExecutor swift.home = /home/amanda/swift-0.96.2
2019-08-05 17:03:59,454+0530 INFO  AbstractScheduler Setting resources to: {local=local}
2019-08-05 17:03:59,518+0530 INFO  GlobalSubmitQueue No global submit throttle set. Using default (1024)
2019-08-05 17:03:59,577+0530 INFO  LateBindingScheduler jobs queued: 0
2019-08-05 17:03:59,579+0530 INFO  LateBindingScheduler jobs queued: 0
2019-08-05 17:03:59,581+0530 INFO  LateBindingScheduler jobs queued: 0
2019-08-05 17:03:59,619+0530 INFO  RuntimeStats$ProgressTicker HeapMax: 954728448, CrtHeap: 124780544, UsedHeap: 26130888, JVMThreads: 16
2019-08-05 17:03:59,623+0530 INFO  RuntimeStats$ProgressTicker 
2019-08-05 17:03:59,629+0530 DEBUG swift FOREACH_IT_START line=8 thread=R-1
2019-08-05 17:03:59,629+0530 DEBUG swift FOREACH_IT_START line=8 thread=R-4
2019-08-05 17:03:59,629+0530 DEBUG swift SCOPE thread=R-4
2019-08-05 17:03:59,629+0530 DEBUG swift FOREACH_IT_START line=8 thread=R-5
2019-08-05 17:03:59,629+0530 DEBUG swift SCOPE thread=R-5
2019-08-05 17:03:59,629+0530 DEBUG swift FOREACH_IT_START line=8 thread=R-3
2019-08-05 17:03:59,629+0530 DEBUG swift SCOPE thread=R-3
2019-08-05 17:03:59,630+0530 DEBUG swift FOREACH_IT_START line=8 thread=R-2
2019-08-05 17:03:59,630+0530 DEBUG swift SCOPE thread=R-2
2019-08-05 17:03:59,629+0530 DEBUG swift SCOPE thread=R-1
2019-08-05 17:03:59,630+0530 DEBUG swift FOREACH_IT_START line=8 thread=R-6
2019-08-05 17:03:59,630+0530 DEBUG swift SCOPE thread=R-6
2019-08-05 17:03:59,630+0530 DEBUG swift FOREACH_IT_START line=8 thread=R-7
2019-08-05 17:03:59,630+0530 DEBUG swift SCOPE thread=R-7
2019-08-05 17:03:59,630+0530 DEBUG swift FOREACH_IT_START line=8 thread=R-8
2019-08-05 17:03:59,630+0530 DEBUG swift SCOPE thread=R-8
2019-08-05 17:03:59,634+0530 DEBUG swift FOREACH_IT_START line=8 thread=R-10
2019-08-05 17:03:59,634+0530 DEBUG swift SCOPE thread=R-10
2019-08-05 17:03:59,635+0530 DEBUG swift PROCEDURE line=3 thread=R-8-1 name=simulation
2019-08-05 17:03:59,634+0530 DEBUG swift FOREACH_IT_START line=8 thread=R-9
2019-08-05 17:03:59,635+0530 DEBUG swift SCOPE thread=R-9
2019-08-05 17:03:59,637+0530 DEBUG swift JOB_INIT jobid=simulate-lpk07cbo tr=simulate
2019-08-05 17:03:59,637+0530 DEBUG swift PROCEDURE line=3 thread=R-5-1 name=simulation
2019-08-05 17:03:59,637+0530 DEBUG swift JOB_INIT jobid=simulate-mpk07cbo tr=simulate
2019-08-05 17:03:59,639+0530 DEBUG swift PROCEDURE line=3 thread=R-6-1 name=simulation
2019-08-05 17:03:59,639+0530 DEBUG swift JOB_INIT jobid=simulate-npk07cbo tr=simulate
2019-08-05 17:03:59,639+0530 DEBUG swift PROCEDURE line=3 thread=R-10-1 name=simulation
2019-08-05 17:03:59,639+0530 DEBUG swift JOB_INIT jobid=simulate-opk07cbo tr=simulate
2019-08-05 17:03:59,639+0530 DEBUG swift JOB_SITE_SELECT jobid=simulate-npk07cbo
2019-08-05 17:03:59,640+0530 DEBUG swift JOB_SITE_SELECT jobid=simulate-lpk07cbo
2019-08-05 17:03:59,639+0530 DEBUG swift JOB_SITE_SELECT jobid=simulate-opk07cbo
2019-08-05 17:03:59,642+0530 DEBUG swift JOB_SITE_SELECT jobid=simulate-mpk07cbo
2019-08-05 17:03:59,642+0530 DEBUG swift PROCEDURE line=3 thread=R-9-1 name=simulation
2019-08-05 17:03:59,642+0530 DEBUG swift JOB_INIT jobid=simulate-ppk07cbo tr=simulate
2019-08-05 17:03:59,642+0530 DEBUG swift PROCEDURE line=3 thread=R-1x2 name=simulation
2019-08-05 17:03:59,643+0530 DEBUG swift JOB_SITE_SELECT jobid=simulate-ppk07cbo
2019-08-05 17:03:59,643+0530 DEBUG swift JOB_INIT jobid=simulate-qpk07cbo tr=simulate
2019-08-05 17:03:59,643+0530 DEBUG swift JOB_SITE_SELECT jobid=simulate-qpk07cbo
2019-08-05 17:03:59,643+0530 DEBUG swift PROCEDURE line=3 thread=R-7-1 name=simulation
2019-08-05 17:03:59,643+0530 DEBUG swift PROCEDURE line=3 thread=R-4-1 name=simulation
2019-08-05 17:03:59,643+0530 DEBUG swift JOB_INIT jobid=simulate-rpk07cbo tr=simulate
2019-08-05 17:03:59,643+0530 DEBUG swift JOB_INIT jobid=simulate-spk07cbo tr=simulate
2019-08-05 17:03:59,643+0530 DEBUG swift JOB_SITE_SELECT jobid=simulate-rpk07cbo
2019-08-05 17:03:59,643+0530 DEBUG swift JOB_SITE_SELECT jobid=simulate-spk07cbo
2019-08-05 17:03:59,644+0530 DEBUG swift PROCEDURE line=3 thread=R-2-1 name=simulation
2019-08-05 17:03:59,644+0530 DEBUG swift JOB_INIT jobid=simulate-tpk07cbo tr=simulate
2019-08-05 17:03:59,644+0530 DEBUG swift JOB_SITE_SELECT jobid=simulate-tpk07cbo
2019-08-05 17:03:59,645+0530 INFO  swift START host=local - Initializing shared directory
2019-08-05 17:03:59,645+0530 DEBUG swift PROCEDURE line=3 thread=R-3-1 name=simulation
2019-08-05 17:03:59,645+0530 DEBUG swift JOB_INIT jobid=simulate-upk07cbo tr=simulate
2019-08-05 17:03:59,646+0530 INFO  LateBindingScheduler jobs queued: 7
2019-08-05 17:03:59,647+0530 DEBUG swift JOB_SITE_SELECT jobid=simulate-upk07cbo
2019-08-05 17:03:59,731+0530 INFO  LateBindingScheduler jobs queued: 8
2019-08-05 17:03:59,733+0530 INFO  LateBindingScheduler jobs queued: 8
2019-08-05 17:03:59,735+0530 INFO  LateBindingScheduler jobs queued: 8
2019-08-05 17:03:59,736+0530 INFO  swift END host=local - Done initializing shared directory
2019-08-05 17:03:59,738+0530 DEBUG swift THREAD_ASSOCIATION jobid=simulate-ppk07cbo thread=R-9-1 host=local replicationGroup=null
2019-08-05 17:03:59,738+0530 DEBUG swift THREAD_ASSOCIATION jobid=simulate-npk07cbo thread=R-6-1 host=local replicationGroup=null
2019-08-05 17:03:59,741+0530 INFO  swift START jobid=simulate-ppk07cbo host=local - Initializing directory structure
2019-08-05 17:03:59,741+0530 INFO  swift START path=output dir=p2-run001/shared - Creating directory structure
2019-08-05 17:03:59,741+0530 INFO  swift START jobid=simulate-npk07cbo host=local - Initializing directory structure
2019-08-05 17:03:59,743+0530 INFO  LateBindingScheduler jobs queued: 8
2019-08-05 17:03:59,744+0530 INFO  swift END jobid=simulate-ppk07cbo - Done initializing directory structure
2019-08-05 17:03:59,744+0530 INFO  swift START jobid=simulate-ppk07cbo - Staging in files []
2019-08-05 17:03:59,744+0530 INFO  swift END jobid=simulate-npk07cbo - Done initializing directory structure
2019-08-05 17:03:59,744+0530 INFO  swift START jobid=simulate-npk07cbo - Staging in files []
2019-08-05 17:03:59,744+0530 INFO  swift END jobid=simulate-ppk07cbo - Staging in finished
2019-08-05 17:03:59,744+0530 INFO  swift END jobid=simulate-npk07cbo - Staging in finished
2019-08-05 17:03:59,744+0530 DEBUG swift JOB_START jobid=simulate-ppk07cbo tr=simulate arguments=[] tmpdir=p2-run001/jobs/s/simulate-ppk07cbo host=local
2019-08-05 17:03:59,744+0530 DEBUG swift JOB_START jobid=simulate-npk07cbo tr=simulate arguments=[] tmpdir=p2-run001/jobs/s/simulate-npk07cbo host=local
2019-08-05 17:03:59,756+0530 INFO  Execute JOB_TASK jobid=simulate-npk07cbo taskid=urn:R-6-1-1565004837196 exec=/bin/bash dir=p2-run001 args=shared/_swiftwrap simulate-npk07cbo -jobdir s -scratch  -e simulate -out output/sim_5.out -err stderr.txt -i -d output -if  -of output/sim_5.out -cf  -cdmfile -status files -a
2019-08-05 17:03:59,756+0530 INFO  Execute JOB_TASK jobid=simulate-ppk07cbo taskid=urn:R-9-1-1565004837197 exec=/bin/bash dir=p2-run001 args=shared/_swiftwrap simulate-ppk07cbo -jobdir s -scratch  -e simulate -out output/sim_8.out -err stderr.txt -i -d output -if  -of output/sim_8.out -cf  -cdmfile -status files -a
2019-08-05 17:03:59,769+0530 INFO  Execute TASK_STATUS_CHANGE taskid=urn:R-6-1-1565004837196 status=8
2019-08-05 17:03:59,769+0530 INFO  Execute TASK_STATUS_CHANGE taskid=urn:R-9-1-1565004837197 status=8
2019-08-05 17:03:59,770+0530 INFO  Execute TASK_STATUS_CHANGE taskid=urn:R-6-1-1565004837196 status=1
2019-08-05 17:03:59,770+0530 INFO  Execute TASK_STATUS_CHANGE taskid=urn:R-9-1-1565004837197 status=1
2019-08-05 17:03:59,990+0530 INFO  Execute TASK_STATUS_CHANGE taskid=urn:R-6-1-1565004837196 status=2
2019-08-05 17:03:59,992+0530 INFO  Execute TASK_STATUS_CHANGE taskid=urn:R-9-1-1565004837197 status=2
2019-08-05 17:04:00,114+0530 INFO  LateBindingScheduler jobs queued: 8
2019-08-05 17:04:00,114+0530 INFO  LateBindingScheduler jobs queued: 8
2019-08-05 17:04:00,114+0530 INFO  Execute TASK_STATUS_CHANGE taskid=urn:R-9-1-1565004837197 status=7
2019-08-05 17:04:00,114+0530 INFO  Execute TASK_STATUS_CHANGE taskid=urn:R-6-1-1565004837196 status=7
2019-08-05 17:04:00,114+0530 DEBUG swift START jobid=simulate-ppk07cbo
2019-08-05 17:04:00,114+0530 DEBUG swift START jobid=simulate-npk07cbo
2019-08-05 17:04:00,115+0530 INFO  LateBindingScheduler jobs queued: 9
2019-08-05 17:04:00,115+0530 INFO  swift SUCCESS jobid=simulate-ppk07cbo - Success file found
2019-08-05 17:04:00,115+0530 INFO  LateBindingScheduler jobs queued: 8
2019-08-05 17:04:00,115+0530 DEBUG swift STAGING_OUT jobid=simulate-ppk07cbo
2019-08-05 17:04:00,116+0530 INFO  swift START jobid=simulate-ppk07cbo - Staging out files
2019-08-05 17:04:00,116+0530 DEBUG swift stageouts: [file://localhost/output/sim_8.out]
2019-08-05 17:04:00,116+0530 INFO  swift SUCCESS jobid=simulate-npk07cbo - Success file found
2019-08-05 17:04:00,116+0530 DEBUG swift STAGING_OUT jobid=simulate-npk07cbo
2019-08-05 17:04:00,116+0530 INFO  swift START jobid=simulate-npk07cbo - Staging out files
2019-08-05 17:04:00,116+0530 DEBUG swift stageouts: [file://localhost/output/sim_5.out]
2019-08-05 17:04:00,118+0530 DEBUG swift FILE_STAGE_OUT_START srcname=sim_5.out srcdir=p2-run001/shared/output srchost=local destdir=output desthost=localhost provider=file jobid=simulate-npk07cbo
2019-08-05 17:04:00,118+0530 DEBUG swift FILE_STAGE_OUT_START srcname=sim_8.out srcdir=p2-run001/shared/output srchost=local destdir=output desthost=localhost provider=file jobid=simulate-ppk07cbo
2019-08-05 17:04:00,118+0530 INFO  LateBindingScheduler jobs queued: 8
2019-08-05 17:04:00,118+0530 INFO  LateBindingScheduler jobs queued: 8
2019-08-05 17:04:00,121+0530 DEBUG swift CDM: file://localhost/output/sim_8.out : DEFAULT
2019-08-05 17:04:00,121+0530 DEBUG swift CDM: file://localhost/output/sim_5.out : DEFAULT
2019-08-05 17:04:00,123+0530 INFO  LateBindingScheduler jobs queued: 8
2019-08-05 17:04:00,123+0530 INFO  LateBindingScheduler jobs queued: 8
2019-08-05 17:04:00,123+0530 DEBUG swift FILE_STAGE_OUT_END srcname=sim_8.out srcdir=p2-run001/shared/output srchost=local destdir=output desthost=localhost provider=file
2019-08-05 17:04:00,123+0530 DEBUG swift FILE_STAGE_OUT_END srcname=sim_5.out srcdir=p2-run001/shared/output srchost=local destdir=output desthost=localhost provider=file
2019-08-05 17:04:00,125+0530 INFO  LateBindingScheduler jobs queued: 8
2019-08-05 17:04:00,125+0530 INFO  LateBindingScheduler jobs queued: 8
2019-08-05 17:04:00,129+0530 INFO  swift END jobid=simulate-npk07cbo - Staging out finished
2019-08-05 17:04:00,129+0530 INFO  swift END jobid=simulate-ppk07cbo - Staging out finished
2019-08-05 17:04:00,130+0530 INFO  LateBindingScheduler jobs queued: 8
2019-08-05 17:04:00,130+0530 INFO  LateBindingScheduler jobs queued: 8
2019-08-05 17:04:00,131+0530 DEBUG swift JOB_END jobid=simulate-ppk07cbo
2019-08-05 17:04:00,131+0530 INFO  swift END_SUCCESS thread=R-9-1 tr=simulate
2019-08-05 17:04:00,131+0530 DEBUG swift JOB_END jobid=simulate-npk07cbo
2019-08-05 17:04:00,132+0530 INFO  swift END_SUCCESS thread=R-6-1 tr=simulate
2019-08-05 17:04:00,132+0530 DEBUG swift PROCEDURE_END line=3 thread=R-6-1 name=simulation
2019-08-05 17:04:00,132+0530 INFO  SwiftFunction Cleaning f:file = <FILE> - Closed
2019-08-05 17:04:00,132+0530 DEBUG swift FOREACH_IT_END line=8 thread=R-6
2019-08-05 17:04:00,132+0530 DEBUG swift PROCEDURE_END line=3 thread=R-9-1 name=simulation
2019-08-05 17:04:00,132+0530 INFO  SwiftFunction Cleaning f:file = <FILE> - Closed
2019-08-05 17:04:00,132+0530 DEBUG swift FOREACH_IT_END line=8 thread=R-9
2019-08-05 17:04:00,232+0530 DEBUG swift THREAD_ASSOCIATION jobid=simulate-qpk07cbo thread=R-1x2 host=local replicationGroup=null
2019-08-05 17:04:00,233+0530 DEBUG swift THREAD_ASSOCIATION jobid=simulate-rpk07cbo thread=R-7-1 host=local replicationGroup=null
2019-08-05 17:04:00,233+0530 INFO  swift START jobid=simulate-qpk07cbo host=local - Initializing directory structure
2019-08-05 17:04:00,233+0530 INFO  swift START jobid=simulate-rpk07cbo host=local - Initializing directory structure
2019-08-05 17:04:00,233+0530 INFO  swift END jobid=simulate-rpk07cbo - Done initializing directory structure
2019-08-05 17:04:00,233+0530 INFO  swift END jobid=simulate-qpk07cbo - Done initializing directory structure
2019-08-05 17:04:00,233+0530 INFO  swift START jobid=simulate-rpk07cbo - Staging in files []
2019-08-05 17:04:00,233+0530 INFO  swift START jobid=simulate-qpk07cbo - Staging in files []
2019-08-05 17:04:00,234+0530 INFO  swift END jobid=simulate-rpk07cbo - Staging in finished
2019-08-05 17:04:00,234+0530 INFO  swift END jobid=simulate-qpk07cbo - Staging in finished
2019-08-05 17:04:00,234+0530 DEBUG swift JOB_START jobid=simulate-rpk07cbo tr=simulate arguments=[] tmpdir=p2-run001/jobs/s/simulate-rpk07cbo host=local
2019-08-05 17:04:00,234+0530 DEBUG swift JOB_START jobid=simulate-qpk07cbo tr=simulate arguments=[] tmpdir=p2-run001/jobs/s/simulate-qpk07cbo host=local
2019-08-05 17:04:00,235+0530 INFO  Execute JOB_TASK jobid=simulate-rpk07cbo taskid=urn:R-7-1-1565004837225 exec=/bin/bash dir=p2-run001 args=shared/_swiftwrap simulate-rpk07cbo -jobdir s -scratch  -e simulate -out output/sim_6.out -err stderr.txt -i -d output -if  -of output/sim_6.out -cf  -cdmfile -status files -a
2019-08-05 17:04:00,235+0530 INFO  Execute JOB_TASK jobid=simulate-qpk07cbo taskid=urn:R-1x2-1565004837226 exec=/bin/bash dir=p2-run001 args=shared/_swiftwrap simulate-qpk07cbo -jobdir s -scratch  -e simulate -out output/sim_0.out -err stderr.txt -i -d output -if  -of output/sim_0.out -cf  -cdmfile -status files -a
2019-08-05 17:04:00,236+0530 INFO  Execute TASK_STATUS_CHANGE taskid=urn:R-7-1-1565004837225 status=8
2019-08-05 17:04:00,236+0530 INFO  Execute TASK_STATUS_CHANGE taskid=urn:R-1x2-1565004837226 status=8
2019-08-05 17:04:00,236+0530 INFO  Execute TASK_STATUS_CHANGE taskid=urn:R-7-1-1565004837225 status=1
2019-08-05 17:04:00,236+0530 INFO  Execute TASK_STATUS_CHANGE taskid=urn:R-1x2-1565004837226 status=1
2019-08-05 17:04:00,238+0530 INFO  Execute TASK_STATUS_CHANGE taskid=urn:R-7-1-1565004837225 status=2
2019-08-05 17:04:00,238+0530 INFO  Execute TASK_STATUS_CHANGE taskid=urn:R-1x2-1565004837226 status=2
2019-08-05 17:04:00,380+0530 INFO  LateBindingScheduler jobs queued: 6
2019-08-05 17:04:00,380+0530 INFO  Execute TASK_STATUS_CHANGE taskid=urn:R-7-1-1565004837225 status=7
2019-08-05 17:04:00,381+0530 DEBUG swift START jobid=simulate-rpk07cbo
2019-08-05 17:04:00,381+0530 INFO  LateBindingScheduler jobs queued: 6
2019-08-05 17:04:00,381+0530 INFO  Execute TASK_STATUS_CHANGE taskid=urn:R-1x2-1565004837226 status=7
2019-08-05 17:04:00,381+0530 DEBUG swift START jobid=simulate-qpk07cbo
2019-08-05 17:04:00,382+0530 INFO  LateBindingScheduler jobs queued: 6
2019-08-05 17:04:00,382+0530 INFO  LateBindingScheduler jobs queued: 6
2019-08-05 17:04:00,382+0530 INFO  swift SUCCESS jobid=simulate-rpk07cbo - Success file found
2019-08-05 17:04:00,382+0530 INFO  swift SUCCESS jobid=simulate-qpk07cbo - Success file found
2019-08-05 17:04:00,382+0530 DEBUG swift STAGING_OUT jobid=simulate-rpk07cbo
2019-08-05 17:04:00,382+0530 DEBUG swift STAGING_OUT jobid=simulate-qpk07cbo
2019-08-05 17:04:00,382+0530 INFO  swift START jobid=simulate-rpk07cbo - Staging out files
2019-08-05 17:04:00,382+0530 INFO  swift START jobid=simulate-qpk07cbo - Staging out files
2019-08-05 17:04:00,382+0530 DEBUG swift stageouts: [file://localhost/output/sim_0.out]
2019-08-05 17:04:00,382+0530 DEBUG swift stageouts: [file://localhost/output/sim_6.out]
2019-08-05 17:04:00,383+0530 DEBUG swift FILE_STAGE_OUT_START srcname=sim_0.out srcdir=p2-run001/shared/output srchost=local destdir=output desthost=localhost provider=file jobid=simulate-qpk07cbo
2019-08-05 17:04:00,383+0530 DEBUG swift FILE_STAGE_OUT_START srcname=sim_6.out srcdir=p2-run001/shared/output srchost=local destdir=output desthost=localhost provider=file jobid=simulate-rpk07cbo
2019-08-05 17:04:00,383+0530 INFO  LateBindingScheduler jobs queued: 6
2019-08-05 17:04:00,383+0530 INFO  LateBindingScheduler jobs queued: 6
2019-08-05 17:04:00,383+0530 DEBUG swift CDM: file://localhost/output/sim_0.out : DEFAULT
2019-08-05 17:04:00,384+0530 DEBUG swift CDM: file://localhost/output/sim_6.out : DEFAULT
2019-08-05 17:04:00,385+0530 INFO  LateBindingScheduler jobs queued: 6
2019-08-05 17:04:00,385+0530 INFO  LateBindingScheduler jobs queued: 6
2019-08-05 17:04:00,385+0530 DEBUG swift FILE_STAGE_OUT_END srcname=sim_0.out srcdir=p2-run001/shared/output srchost=local destdir=output desthost=localhost provider=file
2019-08-05 17:04:00,385+0530 DEBUG swift FILE_STAGE_OUT_END srcname=sim_6.out srcdir=p2-run001/shared/output srchost=local destdir=output desthost=localhost provider=file
2019-08-05 17:04:00,386+0530 INFO  LateBindingScheduler jobs queued: 6
2019-08-05 17:04:00,386+0530 INFO  LateBindingScheduler jobs queued: 6
2019-08-05 17:04:00,388+0530 INFO  swift END jobid=simulate-rpk07cbo - Staging out finished
2019-08-05 17:04:00,388+0530 INFO  swift END jobid=simulate-qpk07cbo - Staging out finished
2019-08-05 17:04:00,390+0530 INFO  LateBindingScheduler jobs queued: 6
2019-08-05 17:04:00,391+0530 DEBUG swift JOB_END jobid=simulate-rpk07cbo
2019-08-05 17:04:00,391+0530 INFO  swift END_SUCCESS thread=R-7-1 tr=simulate
2019-08-05 17:04:00,391+0530 DEBUG swift PROCEDURE_END line=3 thread=R-7-1 name=simulation
2019-08-05 17:04:00,391+0530 INFO  LateBindingScheduler jobs queued: 6
2019-08-05 17:04:00,391+0530 INFO  SwiftFunction Cleaning f:file = <FILE> - Closed
2019-08-05 17:04:00,391+0530 DEBUG swift FOREACH_IT_END line=8 thread=R-7
2019-08-05 17:04:00,391+0530 DEBUG swift JOB_END jobid=simulate-qpk07cbo
2019-08-05 17:04:00,392+0530 INFO  swift END_SUCCESS thread=R-1x2 tr=simulate
2019-08-05 17:04:00,392+0530 DEBUG swift PROCEDURE_END line=3 thread=R-1x2 name=simulation
2019-08-05 17:04:00,392+0530 INFO  SwiftFunction Cleaning f:file = <FILE> - Closed
2019-08-05 17:04:00,392+0530 DEBUG swift FOREACH_IT_END line=8 thread=R-1
2019-08-05 17:04:00,393+0530 DEBUG swift THREAD_ASSOCIATION jobid=simulate-mpk07cbo thread=R-5-1 host=local replicationGroup=null
2019-08-05 17:04:00,393+0530 DEBUG swift THREAD_ASSOCIATION jobid=simulate-spk07cbo thread=R-4-1 host=local replicationGroup=null
2019-08-05 17:04:00,393+0530 INFO  swift START jobid=simulate-mpk07cbo host=local - Initializing directory structure
2019-08-05 17:04:00,393+0530 INFO  swift START jobid=simulate-spk07cbo host=local - Initializing directory structure
2019-08-05 17:04:00,393+0530 INFO  swift END jobid=simulate-mpk07cbo - Done initializing directory structure
2019-08-05 17:04:00,393+0530 INFO  swift START jobid=simulate-mpk07cbo - Staging in files []
2019-08-05 17:04:00,393+0530 INFO  swift END jobid=simulate-spk07cbo - Done initializing directory structure
2019-08-05 17:04:00,393+0530 INFO  swift START jobid=simulate-spk07cbo - Staging in files []
2019-08-05 17:04:00,393+0530 INFO  swift END jobid=simulate-mpk07cbo - Staging in finished
2019-08-05 17:04:00,393+0530 INFO  swift END jobid=simulate-spk07cbo - Staging in finished
2019-08-05 17:04:00,393+0530 DEBUG swift JOB_START jobid=simulate-mpk07cbo tr=simulate arguments=[] tmpdir=p2-run001/jobs/s/simulate-mpk07cbo host=local
2019-08-05 17:04:00,393+0530 DEBUG swift JOB_START jobid=simulate-spk07cbo tr=simulate arguments=[] tmpdir=p2-run001/jobs/s/simulate-spk07cbo host=local
2019-08-05 17:04:00,394+0530 INFO  Execute JOB_TASK jobid=simulate-spk07cbo taskid=urn:R-4-1-1565004837254 exec=/bin/bash dir=p2-run001 args=shared/_swiftwrap simulate-spk07cbo -jobdir s -scratch  -e simulate -out output/sim_3.out -err stderr.txt -i -d output -if  -of output/sim_3.out -cf  -cdmfile -status files -a
2019-08-05 17:04:00,394+0530 INFO  Execute JOB_TASK jobid=simulate-mpk07cbo taskid=urn:R-5-1-1565004837253 exec=/bin/bash dir=p2-run001 args=shared/_swiftwrap simulate-mpk07cbo -jobdir s -scratch  -e simulate -out output/sim_4.out -err stderr.txt -i -d output -if  -of output/sim_4.out -cf  -cdmfile -status files -a
2019-08-05 17:04:00,394+0530 INFO  Execute TASK_STATUS_CHANGE taskid=urn:R-4-1-1565004837254 status=8
2019-08-05 17:04:00,394+0530 INFO  Execute TASK_STATUS_CHANGE taskid=urn:R-4-1-1565004837254 status=1
2019-08-05 17:04:00,394+0530 INFO  Execute TASK_STATUS_CHANGE taskid=urn:R-5-1-1565004837253 status=8
2019-08-05 17:04:00,394+0530 INFO  Execute TASK_STATUS_CHANGE taskid=urn:R-5-1-1565004837253 status=1
2019-08-05 17:04:00,395+0530 INFO  Execute TASK_STATUS_CHANGE taskid=urn:R-4-1-1565004837254 status=2
2019-08-05 17:04:00,395+0530 INFO  Execute TASK_STATUS_CHANGE taskid=urn:R-5-1-1565004837253 status=2
2019-08-05 17:04:00,476+0530 INFO  LateBindingScheduler jobs queued: 4
2019-08-05 17:04:00,476+0530 INFO  Execute TASK_STATUS_CHANGE taskid=urn:R-4-1-1565004837254 status=7
2019-08-05 17:04:00,476+0530 INFO  LateBindingScheduler jobs queued: 4
2019-08-05 17:04:00,476+0530 DEBUG swift START jobid=simulate-spk07cbo
2019-08-05 17:04:00,476+0530 INFO  Execute TASK_STATUS_CHANGE taskid=urn:R-5-1-1565004837253 status=7
2019-08-05 17:04:00,477+0530 DEBUG swift START jobid=simulate-mpk07cbo
2019-08-05 17:04:00,477+0530 INFO  LateBindingScheduler jobs queued: 4
2019-08-05 17:04:00,477+0530 INFO  LateBindingScheduler jobs queued: 4
2019-08-05 17:04:00,477+0530 INFO  swift SUCCESS jobid=simulate-spk07cbo - Success file found
2019-08-05 17:04:00,477+0530 DEBUG swift STAGING_OUT jobid=simulate-spk07cbo
2019-08-05 17:04:00,477+0530 INFO  swift START jobid=simulate-spk07cbo - Staging out files
2019-08-05 17:04:00,477+0530 INFO  swift SUCCESS jobid=simulate-mpk07cbo - Success file found
2019-08-05 17:04:00,477+0530 DEBUG swift STAGING_OUT jobid=simulate-mpk07cbo
2019-08-05 17:04:00,477+0530 DEBUG swift stageouts: [file://localhost/output/sim_3.out]
2019-08-05 17:04:00,477+0530 INFO  swift START jobid=simulate-mpk07cbo - Staging out files
2019-08-05 17:04:00,477+0530 DEBUG swift stageouts: [file://localhost/output/sim_4.out]
2019-08-05 17:04:00,477+0530 DEBUG swift FILE_STAGE_OUT_START srcname=sim_3.out srcdir=p2-run001/shared/output srchost=local destdir=output desthost=localhost provider=file jobid=simulate-spk07cbo
2019-08-05 17:04:00,477+0530 DEBUG swift FILE_STAGE_OUT_START srcname=sim_4.out srcdir=p2-run001/shared/output srchost=local destdir=output desthost=localhost provider=file jobid=simulate-mpk07cbo
2019-08-05 17:04:00,478+0530 INFO  LateBindingScheduler jobs queued: 4
2019-08-05 17:04:00,478+0530 INFO  LateBindingScheduler jobs queued: 4
2019-08-05 17:04:00,478+0530 DEBUG swift CDM: file://localhost/output/sim_3.out : DEFAULT
2019-08-05 17:04:00,478+0530 DEBUG swift CDM: file://localhost/output/sim_4.out : DEFAULT
2019-08-05 17:04:00,479+0530 INFO  LateBindingScheduler jobs queued: 4
2019-08-05 17:04:00,479+0530 INFO  LateBindingScheduler jobs queued: 4
2019-08-05 17:04:00,479+0530 DEBUG swift FILE_STAGE_OUT_END srcname=sim_3.out srcdir=p2-run001/shared/output srchost=local destdir=output desthost=localhost provider=file
2019-08-05 17:04:00,479+0530 DEBUG swift FILE_STAGE_OUT_END srcname=sim_4.out srcdir=p2-run001/shared/output srchost=local destdir=output desthost=localhost provider=file
2019-08-05 17:04:00,480+0530 INFO  LateBindingScheduler jobs queued: 4
2019-08-05 17:04:00,480+0530 INFO  LateBindingScheduler jobs queued: 4
2019-08-05 17:04:00,480+0530 INFO  swift END jobid=simulate-spk07cbo - Staging out finished
2019-08-05 17:04:00,480+0530 INFO  swift END jobid=simulate-mpk07cbo - Staging out finished
2019-08-05 17:04:00,481+0530 INFO  LateBindingScheduler jobs queued: 4
2019-08-05 17:04:00,481+0530 INFO  LateBindingScheduler jobs queued: 4
2019-08-05 17:04:00,482+0530 DEBUG swift JOB_END jobid=simulate-mpk07cbo
2019-08-05 17:04:00,482+0530 DEBUG swift JOB_END jobid=simulate-spk07cbo
2019-08-05 17:04:00,482+0530 INFO  swift END_SUCCESS thread=R-4-1 tr=simulate
2019-08-05 17:04:00,482+0530 INFO  swift END_SUCCESS thread=R-5-1 tr=simulate
2019-08-05 17:04:00,482+0530 DEBUG swift PROCEDURE_END line=3 thread=R-4-1 name=simulation
2019-08-05 17:04:00,482+0530 DEBUG swift PROCEDURE_END line=3 thread=R-5-1 name=simulation
2019-08-05 17:04:00,482+0530 INFO  SwiftFunction Cleaning f:file = <FILE> - Closed
2019-08-05 17:04:00,482+0530 INFO  SwiftFunction Cleaning f:file = <FILE> - Closed
2019-08-05 17:04:00,482+0530 DEBUG swift FOREACH_IT_END line=8 thread=R-4
2019-08-05 17:04:00,482+0530 DEBUG swift FOREACH_IT_END line=8 thread=R-5
2019-08-05 17:04:00,583+0530 DEBUG swift THREAD_ASSOCIATION jobid=simulate-opk07cbo thread=R-10-1 host=local replicationGroup=null
2019-08-05 17:04:00,583+0530 DEBUG swift THREAD_ASSOCIATION jobid=simulate-lpk07cbo thread=R-8-1 host=local replicationGroup=null
2019-08-05 17:04:00,584+0530 INFO  swift START jobid=simulate-opk07cbo host=local - Initializing directory structure
2019-08-05 17:04:00,584+0530 INFO  swift START jobid=simulate-lpk07cbo host=local - Initializing directory structure
2019-08-05 17:04:00,584+0530 INFO  swift END jobid=simulate-opk07cbo - Done initializing directory structure
2019-08-05 17:04:00,584+0530 INFO  swift END jobid=simulate-lpk07cbo - Done initializing directory structure
2019-08-05 17:04:00,584+0530 INFO  swift START jobid=simulate-opk07cbo - Staging in files []
2019-08-05 17:04:00,584+0530 INFO  swift START jobid=simulate-lpk07cbo - Staging in files []
2019-08-05 17:04:00,584+0530 INFO  swift END jobid=simulate-lpk07cbo - Staging in finished
2019-08-05 17:04:00,584+0530 INFO  swift END jobid=simulate-opk07cbo - Staging in finished
2019-08-05 17:04:00,584+0530 DEBUG swift JOB_START jobid=simulate-opk07cbo tr=simulate arguments=[] tmpdir=p2-run001/jobs/s/simulate-opk07cbo host=local
2019-08-05 17:04:00,584+0530 DEBUG swift JOB_START jobid=simulate-lpk07cbo tr=simulate arguments=[] tmpdir=p2-run001/jobs/s/simulate-lpk07cbo host=local
2019-08-05 17:04:00,585+0530 INFO  Execute JOB_TASK jobid=simulate-opk07cbo taskid=urn:R-10-1-1565004837281 exec=/bin/bash dir=p2-run001 args=shared/_swiftwrap simulate-opk07cbo -jobdir s -scratch  -e simulate -out output/sim_9.out -err stderr.txt -i -d output -if  -of output/sim_9.out -cf  -cdmfile -status files -a
2019-08-05 17:04:00,585+0530 INFO  Execute JOB_TASK jobid=simulate-lpk07cbo taskid=urn:R-8-1-1565004837282 exec=/bin/bash dir=p2-run001 args=shared/_swiftwrap simulate-lpk07cbo -jobdir s -scratch  -e simulate -out output/sim_7.out -err stderr.txt -i -d output -if  -of output/sim_7.out -cf  -cdmfile -status files -a
2019-08-05 17:04:00,586+0530 INFO  Execute TASK_STATUS_CHANGE taskid=urn:R-10-1-1565004837281 status=8
2019-08-05 17:04:00,586+0530 INFO  Execute TASK_STATUS_CHANGE taskid=urn:R-10-1-1565004837281 status=1
2019-08-05 17:04:00,586+0530 INFO  Execute TASK_STATUS_CHANGE taskid=urn:R-8-1-1565004837282 status=8
2019-08-05 17:04:00,586+0530 INFO  Execute TASK_STATUS_CHANGE taskid=urn:R-8-1-1565004837282 status=1
2019-08-05 17:04:00,588+0530 INFO  Execute TASK_STATUS_CHANGE taskid=urn:R-10-1-1565004837281 status=2
2019-08-05 17:04:00,588+0530 INFO  Execute TASK_STATUS_CHANGE taskid=urn:R-8-1-1565004837282 status=2
2019-08-05 17:04:00,624+0530 INFO  RuntimeStats$ProgressTicker HeapMax: 954728448, CrtHeap: 124780544, UsedHeap: 39025432, JVMThreads: 25
2019-08-05 17:04:00,625+0530 INFO  RuntimeStats$ProgressTicker   Selecting site:2  Active:2  Finished successfully:6
2019-08-05 17:04:00,750+0530 INFO  LateBindingScheduler jobs queued: 2
2019-08-05 17:04:00,750+0530 INFO  LateBindingScheduler jobs queued: 2
2019-08-05 17:04:00,750+0530 INFO  Execute TASK_STATUS_CHANGE taskid=urn:R-10-1-1565004837281 status=7
2019-08-05 17:04:00,750+0530 INFO  Execute TASK_STATUS_CHANGE taskid=urn:R-8-1-1565004837282 status=7
2019-08-05 17:04:00,750+0530 DEBUG swift START jobid=simulate-opk07cbo
2019-08-05 17:04:00,750+0530 DEBUG swift START jobid=simulate-lpk07cbo
2019-08-05 17:04:00,751+0530 INFO  LateBindingScheduler jobs queued: 2
2019-08-05 17:04:00,751+0530 INFO  LateBindingScheduler jobs queued: 2
2019-08-05 17:04:00,751+0530 INFO  swift SUCCESS jobid=simulate-opk07cbo - Success file found
2019-08-05 17:04:00,751+0530 DEBUG swift STAGING_OUT jobid=simulate-opk07cbo
2019-08-05 17:04:00,751+0530 INFO  swift SUCCESS jobid=simulate-lpk07cbo - Success file found
2019-08-05 17:04:00,751+0530 INFO  swift START jobid=simulate-opk07cbo - Staging out files
2019-08-05 17:04:00,751+0530 DEBUG swift STAGING_OUT jobid=simulate-lpk07cbo
2019-08-05 17:04:00,751+0530 DEBUG swift stageouts: [file://localhost/output/sim_9.out]
2019-08-05 17:04:00,751+0530 INFO  swift START jobid=simulate-lpk07cbo - Staging out files
2019-08-05 17:04:00,751+0530 DEBUG swift stageouts: [file://localhost/output/sim_7.out]
2019-08-05 17:04:00,752+0530 DEBUG swift FILE_STAGE_OUT_START srcname=sim_9.out srcdir=p2-run001/shared/output srchost=local destdir=output desthost=localhost provider=file jobid=simulate-opk07cbo
2019-08-05 17:04:00,752+0530 DEBUG swift FILE_STAGE_OUT_START srcname=sim_7.out srcdir=p2-run001/shared/output srchost=local destdir=output desthost=localhost provider=file jobid=simulate-lpk07cbo
2019-08-05 17:04:00,752+0530 INFO  LateBindingScheduler jobs queued: 2
2019-08-05 17:04:00,752+0530 INFO  LateBindingScheduler jobs queued: 2
2019-08-05 17:04:00,752+0530 DEBUG swift CDM: file://localhost/output/sim_9.out : DEFAULT
2019-08-05 17:04:00,752+0530 DEBUG swift CDM: file://localhost/output/sim_7.out : DEFAULT
2019-08-05 17:04:00,754+0530 INFO  LateBindingScheduler jobs queued: 2
2019-08-05 17:04:00,755+0530 DEBUG swift FILE_STAGE_OUT_END srcname=sim_9.out srcdir=p2-run001/shared/output srchost=local destdir=output desthost=localhost provider=file
2019-08-05 17:04:00,756+0530 INFO  LateBindingScheduler jobs queued: 2
2019-08-05 17:04:00,756+0530 DEBUG swift FILE_STAGE_OUT_END srcname=sim_7.out srcdir=p2-run001/shared/output srchost=local destdir=output desthost=localhost provider=file
2019-08-05 17:04:00,757+0530 INFO  LateBindingScheduler jobs queued: 2
2019-08-05 17:04:00,757+0530 INFO  LateBindingScheduler jobs queued: 2
2019-08-05 17:04:00,758+0530 INFO  swift END jobid=simulate-lpk07cbo - Staging out finished
2019-08-05 17:04:00,758+0530 INFO  swift END jobid=simulate-opk07cbo - Staging out finished
2019-08-05 17:04:00,759+0530 INFO  LateBindingScheduler jobs queued: 2
2019-08-05 17:04:00,760+0530 DEBUG swift JOB_END jobid=simulate-lpk07cbo
2019-08-05 17:04:00,760+0530 INFO  swift END_SUCCESS thread=R-8-1 tr=simulate
2019-08-05 17:04:00,760+0530 DEBUG swift PROCEDURE_END line=3 thread=R-8-1 name=simulation
2019-08-05 17:04:00,760+0530 INFO  SwiftFunction Cleaning f:file = <FILE> - Closed
2019-08-05 17:04:00,760+0530 DEBUG swift FOREACH_IT_END line=8 thread=R-8
2019-08-05 17:04:00,762+0530 INFO  LateBindingScheduler jobs queued: 2
2019-08-05 17:04:00,762+0530 DEBUG swift JOB_END jobid=simulate-opk07cbo
2019-08-05 17:04:00,762+0530 DEBUG swift THREAD_ASSOCIATION jobid=simulate-tpk07cbo thread=R-2-1 host=local replicationGroup=null
2019-08-05 17:04:00,762+0530 INFO  swift END_SUCCESS thread=R-10-1 tr=simulate
2019-08-05 17:04:00,762+0530 DEBUG swift PROCEDURE_END line=3 thread=R-10-1 name=simulation
2019-08-05 17:04:00,762+0530 INFO  swift START jobid=simulate-tpk07cbo host=local - Initializing directory structure
2019-08-05 17:04:00,762+0530 INFO  swift END jobid=simulate-tpk07cbo - Done initializing directory structure
2019-08-05 17:04:00,762+0530 INFO  swift START jobid=simulate-tpk07cbo - Staging in files []
2019-08-05 17:04:00,762+0530 INFO  swift END jobid=simulate-tpk07cbo - Staging in finished
2019-08-05 17:04:00,762+0530 INFO  SwiftFunction Cleaning f:file = <FILE> - Closed
2019-08-05 17:04:00,763+0530 DEBUG swift FOREACH_IT_END line=8 thread=R-10
2019-08-05 17:04:00,763+0530 DEBUG swift JOB_START jobid=simulate-tpk07cbo tr=simulate arguments=[] tmpdir=p2-run001/jobs/s/simulate-tpk07cbo host=local
2019-08-05 17:04:00,763+0530 INFO  Execute JOB_TASK jobid=simulate-tpk07cbo taskid=urn:R-2-1-1565004837308 exec=/bin/bash dir=p2-run001 args=shared/_swiftwrap simulate-tpk07cbo -jobdir s -scratch  -e simulate -out output/sim_1.out -err stderr.txt -i -d output -if  -of output/sim_1.out -cf  -cdmfile -status files -a
2019-08-05 17:04:00,764+0530 DEBUG swift THREAD_ASSOCIATION jobid=simulate-upk07cbo thread=R-3-1 host=local replicationGroup=null
2019-08-05 17:04:00,764+0530 INFO  swift START jobid=simulate-upk07cbo host=local - Initializing directory structure
2019-08-05 17:04:00,764+0530 INFO  swift END jobid=simulate-upk07cbo - Done initializing directory structure
2019-08-05 17:04:00,764+0530 INFO  swift START jobid=simulate-upk07cbo - Staging in files []
2019-08-05 17:04:00,764+0530 INFO  swift END jobid=simulate-upk07cbo - Staging in finished
2019-08-05 17:04:00,764+0530 DEBUG swift JOB_START jobid=simulate-upk07cbo tr=simulate arguments=[] tmpdir=p2-run001/jobs/s/simulate-upk07cbo host=local
2019-08-05 17:04:00,764+0530 INFO  Execute JOB_TASK jobid=simulate-upk07cbo taskid=urn:R-3-1-1565004837310 exec=/bin/bash dir=p2-run001 args=shared/_swiftwrap simulate-upk07cbo -jobdir s -scratch  -e simulate -out output/sim_2.out -err stderr.txt -i -d output -if  -of output/sim_2.out -cf  -cdmfile -status files -a
2019-08-05 17:04:00,765+0530 INFO  Execute TASK_STATUS_CHANGE taskid=urn:R-2-1-1565004837308 status=8
2019-08-05 17:04:00,765+0530 INFO  Execute TASK_STATUS_CHANGE taskid=urn:R-3-1-1565004837310 status=8
2019-08-05 17:04:00,765+0530 INFO  Execute TASK_STATUS_CHANGE taskid=urn:R-3-1-1565004837310 status=1
2019-08-05 17:04:00,765+0530 INFO  Execute TASK_STATUS_CHANGE taskid=urn:R-2-1-1565004837308 status=1
2019-08-05 17:04:00,768+0530 INFO  Execute TASK_STATUS_CHANGE taskid=urn:R-3-1-1565004837310 status=2
2019-08-05 17:04:00,770+0530 INFO  Execute TASK_STATUS_CHANGE taskid=urn:R-2-1-1565004837308 status=2
2019-08-05 17:04:00,849+0530 INFO  LateBindingScheduler jobs queued: 0
2019-08-05 17:04:00,849+0530 INFO  Execute TASK_STATUS_CHANGE taskid=urn:R-3-1-1565004837310 status=7
2019-08-05 17:04:00,849+0530 DEBUG swift START jobid=simulate-upk07cbo
2019-08-05 17:04:00,850+0530 INFO  LateBindingScheduler jobs queued: 0
2019-08-05 17:04:00,850+0530 INFO  swift SUCCESS jobid=simulate-upk07cbo - Success file found
2019-08-05 17:04:00,850+0530 DEBUG swift STAGING_OUT jobid=simulate-upk07cbo
2019-08-05 17:04:00,850+0530 INFO  swift START jobid=simulate-upk07cbo - Staging out files
2019-08-05 17:04:00,850+0530 DEBUG swift stageouts: [file://localhost/output/sim_2.out]
2019-08-05 17:04:00,850+0530 DEBUG swift FILE_STAGE_OUT_START srcname=sim_2.out srcdir=p2-run001/shared/output srchost=local destdir=output desthost=localhost provider=file jobid=simulate-upk07cbo
2019-08-05 17:04:00,851+0530 INFO  LateBindingScheduler jobs queued: 0
2019-08-05 17:04:00,851+0530 INFO  LateBindingScheduler jobs queued: 0
2019-08-05 17:04:00,851+0530 INFO  Execute TASK_STATUS_CHANGE taskid=urn:R-2-1-1565004837308 status=7
2019-08-05 17:04:00,851+0530 DEBUG swift CDM: file://localhost/output/sim_2.out : DEFAULT
2019-08-05 17:04:00,851+0530 DEBUG swift START jobid=simulate-tpk07cbo
2019-08-05 17:04:00,851+0530 INFO  LateBindingScheduler jobs queued: 0
2019-08-05 17:04:00,851+0530 INFO  swift SUCCESS jobid=simulate-tpk07cbo - Success file found
2019-08-05 17:04:00,851+0530 DEBUG swift STAGING_OUT jobid=simulate-tpk07cbo
2019-08-05 17:04:00,851+0530 INFO  swift START jobid=simulate-tpk07cbo - Staging out files
2019-08-05 17:04:00,851+0530 DEBUG swift stageouts: [file://localhost/output/sim_1.out]
2019-08-05 17:04:00,851+0530 INFO  LateBindingScheduler jobs queued: 0
2019-08-05 17:04:00,852+0530 DEBUG swift FILE_STAGE_OUT_START srcname=sim_1.out srcdir=p2-run001/shared/output srchost=local destdir=output desthost=localhost provider=file jobid=simulate-tpk07cbo
2019-08-05 17:04:00,852+0530 DEBUG swift FILE_STAGE_OUT_END srcname=sim_2.out srcdir=p2-run001/shared/output srchost=local destdir=output desthost=localhost provider=file
2019-08-05 17:04:00,852+0530 INFO  LateBindingScheduler jobs queued: 0
2019-08-05 17:04:00,852+0530 DEBUG swift CDM: file://localhost/output/sim_1.out : DEFAULT
2019-08-05 17:04:00,852+0530 INFO  LateBindingScheduler jobs queued: 0
2019-08-05 17:04:00,852+0530 INFO  swift END jobid=simulate-upk07cbo - Staging out finished
2019-08-05 17:04:00,853+0530 INFO  LateBindingScheduler jobs queued: 0
2019-08-05 17:04:00,853+0530 INFO  LateBindingScheduler jobs queued: 0
2019-08-05 17:04:00,853+0530 DEBUG swift FILE_STAGE_OUT_END srcname=sim_1.out srcdir=p2-run001/shared/output srchost=local destdir=output desthost=localhost provider=file
2019-08-05 17:04:00,853+0530 DEBUG swift JOB_END jobid=simulate-upk07cbo
2019-08-05 17:04:00,853+0530 INFO  swift END_SUCCESS thread=R-3-1 tr=simulate
2019-08-05 17:04:00,854+0530 INFO  LateBindingScheduler jobs queued: 0
2019-08-05 17:04:00,854+0530 DEBUG swift PROCEDURE_END line=3 thread=R-3-1 name=simulation
2019-08-05 17:04:00,854+0530 INFO  SwiftFunction Cleaning f:file = <FILE> - Closed
2019-08-05 17:04:00,854+0530 DEBUG swift FOREACH_IT_END line=8 thread=R-3
2019-08-05 17:04:00,854+0530 INFO  swift END jobid=simulate-tpk07cbo - Staging out finished
2019-08-05 17:04:00,855+0530 INFO  LateBindingScheduler jobs queued: 0
2019-08-05 17:04:00,855+0530 DEBUG swift JOB_END jobid=simulate-tpk07cbo
2019-08-05 17:04:00,856+0530 INFO  swift END_SUCCESS thread=R-2-1 tr=simulate
2019-08-05 17:04:00,856+0530 DEBUG swift PROCEDURE_END line=3 thread=R-2-1 name=simulation
2019-08-05 17:04:00,856+0530 INFO  SwiftFunction Cleaning f:file = <FILE> - Closed
2019-08-05 17:04:00,856+0530 DEBUG swift FOREACH_IT_END line=8 thread=R-2
2019-08-05 17:04:00,856+0530 INFO  RuntimeStats$ProgressTicker HeapMax: 954728448, CrtHeap: 124780544, UsedHeap: 10838640, JVMThreads: 25
2019-08-05 17:04:00,856+0530 INFO  RuntimeStats$ProgressTicker   Finished successfully:10
2019-08-05 17:04:00,914+0530 DEBUG swift Starting cleanups
2019-08-05 17:04:00,914+0530 INFO  swift START cleanups=[[p2-run001, local]]
2019-08-05 17:04:00,914+0530 INFO  swift START dir=p2-run001 host=local
2019-08-05 17:04:00,914+0530 DEBUG swift cdmfile 
2019-08-05 17:04:00,915+0530 INFO  LateBindingScheduler jobs queued: 0
2019-08-05 17:04:00,916+0530 INFO  swift END dir=p2-run001 host=local
2019-08-05 17:04:00,916+0530 INFO  swift END cleanups=[[p2-run001, local]]
2019-08-05 17:04:00,916+0530 DEBUG swift Ending cleanups
2019-08-05 17:04:00,920+0530 INFO  Loader Swift finished with no errors
