2019-08-05 14:00:51,329+0530 INFO  Loader JAVA Private Build OpenJDK 64-Bit Server VM 1.8.0_222
2019-08-05 14:00:51,330+0530 INFO  Loader VERSION Swift 0.96.2 git-rev: b9611649002eecd640fc6c58bbb88cb35ce03539 heads/release-0.96-swift 6287
2019-08-05 14:00:51,330+0530 INFO  Loader RUN_ID run001
2019-08-05 14:00:51,330+0530 INFO  Loader ARGUMENTS [-runid, run001, -logfile, /home/amanda/SWIFT/swift1/part01/run001/swift.log, p1.swift]
2019-08-05 14:00:51,330+0530 INFO  Loader MAX_HEAP 954728448
2019-08-05 14:00:51,330+0530 INFO  Loader GLOBUS_HOSTNAME amanda-pc
2019-08-05 14:00:51,330+0530 INFO  Loader CWD /home/amanda/SWIFT/swift1/part01/.
2019-08-05 14:00:51,331+0530 DEBUG Loader SWIFT_CONFIGURATION 
[D] /home/amanda/swift-0.96.2/etc/swift.conf
[C] <Command Line>
{
	TCPPortRange: "50000, 50100"                               # [D] line 27
	alwaysTransferWrapperLog: true                             # [D] line 61
	executionRetries: 0                                        # [D] line 137
	fileOperationsThrottle: 8                                  # [D] line 121
	fileTransfersThrottle: 4                                   # [D] line 107
	hostJobSubmitThrottle: 2                                   # [D] line 95
	jobSubmitThrottle: 4                                       # [D] line 83
	keepSiteDir: false                                         # [D] line 131
	lazyErrors: true                                           # [D] line 41
	logProvenance: false                                       # [D] line 200
	maxForeachThreads: 16384                                   # [D] line 194
	replicationEnabled: false                                  # [D] line 146
	replicationLimit: 3                                        # [D] line 157
	replicationMinQueueTime: 60                                # [D] line 153
	site.local {
		app.ALL.executable: "*"                                   # [D] line 232
		execution.type: "local"                                   # [D] line 223
		filesystem.type: "local"                                  # [D] line 226
		workDirectory: "swiftwork"                                # [D] line 229
	}
	sites: [local]                                             # [D] line 236
	tracingEnabled: false                                      # [D] line 51
}

2019-08-05 14:00:51,331+0530 DEBUG textfiles BEGIN SWIFTSCRIPT:
type file;

app (file o) simulation ()
{
  simulate stdout=filename(o);
}

file f <"sim.out">;
f = simulation();


2019-08-05 14:00:51,331+0530 DEBUG textfiles END SWIFTSCRIPT:
2019-08-05 14:00:51,332+0530 INFO  Loader p1.swift: source file is new. Recompiling.
2019-08-05 14:00:52,096+0530 INFO  Loader RUN_START
2019-08-05 14:00:52,099+0530 INFO  SwiftExecutor swift.home = /home/amanda/swift-0.96.2
2019-08-05 14:00:52,126+0530 INFO  AbstractScheduler Setting resources to: {local=local}
2019-08-05 14:00:52,134+0530 INFO  GlobalSubmitQueue No global submit throttle set. Using default (1024)
2019-08-05 14:00:52,144+0530 INFO  LateBindingScheduler jobs queued: 0
2019-08-05 14:00:52,147+0530 INFO  LateBindingScheduler jobs queued: 0
2019-08-05 14:00:52,148+0530 INFO  LateBindingScheduler jobs queued: 0
2019-08-05 14:00:52,187+0530 INFO  RuntimeStats$ProgressTicker HeapMax: 954728448, CrtHeap: 124780544, UsedHeap: 24765216, JVMThreads: 16
2019-08-05 14:00:52,189+0530 INFO  RuntimeStats$ProgressTicker 
2019-08-05 14:00:52,189+0530 DEBUG swift PROCEDURE line=3 thread=R name=simulation
2019-08-05 14:00:52,191+0530 DEBUG swift JOB_INIT jobid=simulate-4nbozbbo tr=simulate
2019-08-05 14:00:52,191+0530 DEBUG swift JOB_SITE_SELECT jobid=simulate-4nbozbbo
2019-08-05 14:00:52,194+0530 INFO  swift START host=local - Initializing shared directory
2019-08-05 14:00:52,196+0530 INFO  LateBindingScheduler jobs queued: 0
2019-08-05 14:00:52,211+0530 INFO  LateBindingScheduler jobs queued: 0
2019-08-05 14:00:52,215+0530 INFO  LateBindingScheduler jobs queued: 0
2019-08-05 14:00:52,217+0530 INFO  LateBindingScheduler jobs queued: 0
2019-08-05 14:00:52,217+0530 INFO  swift END host=local - Done initializing shared directory
2019-08-05 14:00:52,218+0530 DEBUG swift THREAD_ASSOCIATION jobid=simulate-4nbozbbo thread=R host=local replicationGroup=null
2019-08-05 14:00:52,223+0530 INFO  swift START jobid=simulate-4nbozbbo host=local - Initializing directory structure
2019-08-05 14:00:52,223+0530 INFO  swift START path= dir=p1-run001/shared - Creating directory structure
2019-08-05 14:00:52,223+0530 INFO  LateBindingScheduler jobs queued: 0
2019-08-05 14:00:52,224+0530 INFO  swift END jobid=simulate-4nbozbbo - Done initializing directory structure
2019-08-05 14:00:52,224+0530 INFO  swift START jobid=simulate-4nbozbbo - Staging in files []
2019-08-05 14:00:52,225+0530 INFO  swift END jobid=simulate-4nbozbbo - Staging in finished
2019-08-05 14:00:52,225+0530 DEBUG swift JOB_START jobid=simulate-4nbozbbo tr=simulate arguments=[] tmpdir=p1-run001/jobs/s/simulate-4nbozbbo host=local
2019-08-05 14:00:52,229+0530 INFO  Execute JOB_TASK jobid=simulate-4nbozbbo taskid=urn:R-1564993851345 exec=/bin/bash dir=p1-run001 args=shared/_swiftwrap simulate-4nbozbbo -jobdir s -scratch  -e simulate -out sim.out -err stderr.txt -i -d  -if  -of sim.out -cf  -cdmfile -status files -a
2019-08-05 14:00:52,233+0530 INFO  Execute TASK_STATUS_CHANGE taskid=urn:R-1564993851345 status=8
2019-08-05 14:00:52,233+0530 INFO  Execute TASK_STATUS_CHANGE taskid=urn:R-1564993851345 status=1
2019-08-05 14:00:52,288+0530 INFO  Execute TASK_STATUS_CHANGE taskid=urn:R-1564993851345 status=2
2019-08-05 14:00:52,330+0530 INFO  LateBindingScheduler jobs queued: 0
2019-08-05 14:00:52,330+0530 INFO  Execute TASK_STATUS_CHANGE taskid=urn:R-1564993851345 status=7
2019-08-05 14:00:52,330+0530 DEBUG swift START jobid=simulate-4nbozbbo
2019-08-05 14:00:52,331+0530 INFO  LateBindingScheduler jobs queued: 0
2019-08-05 14:00:52,331+0530 INFO  swift SUCCESS jobid=simulate-4nbozbbo - Success file found
2019-08-05 14:00:52,331+0530 DEBUG swift STAGING_OUT jobid=simulate-4nbozbbo
2019-08-05 14:00:52,331+0530 INFO  swift START jobid=simulate-4nbozbbo - Staging out files
2019-08-05 14:00:52,331+0530 DEBUG swift stageouts: [file://localhost/sim.out]
2019-08-05 14:00:52,332+0530 DEBUG swift FILE_STAGE_OUT_START srcname=sim.out srcdir=p1-run001/shared/ srchost=local destdir= desthost=localhost provider=file jobid=simulate-4nbozbbo
2019-08-05 14:00:52,333+0530 INFO  LateBindingScheduler jobs queued: 0
2019-08-05 14:00:52,334+0530 DEBUG swift CDM: file://localhost/sim.out : DEFAULT
2019-08-05 14:00:52,335+0530 INFO  LateBindingScheduler jobs queued: 0
2019-08-05 14:00:52,335+0530 DEBUG swift FILE_STAGE_OUT_END srcname=sim.out srcdir=p1-run001/shared/ srchost=local destdir= desthost=localhost provider=file
2019-08-05 14:00:52,337+0530 INFO  LateBindingScheduler jobs queued: 0
2019-08-05 14:00:52,338+0530 INFO  swift END jobid=simulate-4nbozbbo - Staging out finished
2019-08-05 14:00:52,339+0530 INFO  LateBindingScheduler jobs queued: 0
2019-08-05 14:00:52,340+0530 DEBUG swift JOB_END jobid=simulate-4nbozbbo
2019-08-05 14:00:52,340+0530 INFO  swift END_SUCCESS thread=R tr=simulate
2019-08-05 14:00:52,340+0530 DEBUG swift PROCEDURE_END line=3 thread=R name=simulation
2019-08-05 14:00:52,341+0530 INFO  RuntimeStats$ProgressTicker HeapMax: 954728448, CrtHeap: 124780544, UsedHeap: 31301664, JVMThreads: 23
2019-08-05 14:00:52,342+0530 INFO  RuntimeStats$ProgressTicker   Finished successfully:1
2019-08-05 14:00:52,348+0530 DEBUG swift Starting cleanups
2019-08-05 14:00:52,348+0530 INFO  swift START cleanups=[[p1-run001, local]]
2019-08-05 14:00:52,348+0530 INFO  swift START dir=p1-run001 host=local
2019-08-05 14:00:52,348+0530 DEBUG swift cdmfile 
2019-08-05 14:00:52,348+0530 INFO  LateBindingScheduler jobs queued: 0
2019-08-05 14:00:52,349+0530 INFO  swift END dir=p1-run001 host=local
2019-08-05 14:00:52,349+0530 INFO  swift END cleanups=[[p1-run001, local]]
2019-08-05 14:00:52,349+0530 DEBUG swift Ending cleanups
2019-08-05 14:00:52,349+0530 INFO  SwiftFunction Cleaning f:file = <FILE> - Closed
2019-08-05 14:00:52,352+0530 INFO  Loader Swift finished with no errors
