2019-08-05 17:05:00,909+0530 INFO  Loader JAVA Private Build OpenJDK 64-Bit Server VM 1.8.0_222
2019-08-05 17:05:00,910+0530 INFO  Loader VERSION Swift 0.96.2 git-rev: b9611649002eecd640fc6c58bbb88cb35ce03539 heads/release-0.96-swift 6287
2019-08-05 17:05:00,910+0530 INFO  Loader RUN_ID run002
2019-08-05 17:05:00,910+0530 INFO  Loader ARGUMENTS [-runid, run002, -logfile, /home/amanda/SWIFT/swift1/part02/run002/swift.log, p2.swift]
2019-08-05 17:05:00,910+0530 INFO  Loader MAX_HEAP 954728448
2019-08-05 17:05:00,910+0530 INFO  Loader GLOBUS_HOSTNAME amanda-pc
2019-08-05 17:05:00,910+0530 INFO  Loader CWD /home/amanda/SWIFT/swift1/part02/.
2019-08-05 17:05:00,911+0530 DEBUG Loader SWIFT_CONFIGURATION 
[D] /home/amanda/swift-0.96.2/etc/swift.conf
[C] <Command Line>
{
	TCPPortRange: "50000, 50100"                               # [D] line 27
	alwaysTransferWrapperLog: true                             # [D] line 61
	executionRetries: 0                                        # [D] line 137
	fileOperationsThrottle: 8                                  # [D] line 121
	fileTransfersThrottle: 4                                   # [D] line 107
	hostJobSubmitThrottle: 2                                   # [D] line 95
	jobSubmitThrottle: 4                                       # [D] line 83
	keepSiteDir: false                                         # [D] line 131
	lazyErrors: true                                           # [D] line 41
	logProvenance: false                                       # [D] line 200
	maxForeachThreads: 16384                                   # [D] line 194
	replicationEnabled: false                                  # [D] line 146
	replicationLimit: 3                                        # [D] line 157
	replicationMinQueueTime: 60                                # [D] line 153
	site.local {
		app.ALL.executable: "*"                                   # [D] line 232
		execution.type: "local"                                   # [D] line 223
		filesystem.type: "local"                                  # [D] line 226
		workDirectory: "swiftwork"                                # [D] line 229
	}
	sites: [local]                                             # [D] line 236
	tracingEnabled: false                                      # [D] line 51
}

2019-08-05 17:05:00,912+0530 DEBUG textfiles BEGIN SWIFTSCRIPT:
type file;

app (file o) simulation ()
{
  rand stdout=filename(o);
}

foreach i in [0:9] {
  file f <single_file_mapper; file=strcat("output/sim_",i,".out")>;
  f = simulation();
}


2019-08-05 17:05:00,912+0530 DEBUG textfiles END SWIFTSCRIPT:
2019-08-05 17:05:00,912+0530 INFO  Loader p2.swift: source file is new. Recompiling.
2019-08-05 17:05:01,720+0530 INFO  Loader RUN_START
2019-08-05 17:05:01,723+0530 INFO  SwiftExecutor swift.home = /home/amanda/swift-0.96.2
2019-08-05 17:05:01,745+0530 INFO  AbstractScheduler Setting resources to: {local=local}
2019-08-05 17:05:01,751+0530 INFO  GlobalSubmitQueue No global submit throttle set. Using default (1024)
2019-08-05 17:05:01,765+0530 INFO  LateBindingScheduler jobs queued: 0
2019-08-05 17:05:01,766+0530 INFO  LateBindingScheduler jobs queued: 0
2019-08-05 17:05:01,767+0530 INFO  LateBindingScheduler jobs queued: 0
2019-08-05 17:05:01,774+0530 INFO  RuntimeStats$ProgressTicker HeapMax: 954728448, CrtHeap: 124780544, UsedHeap: 26221112, JVMThreads: 16
2019-08-05 17:05:01,775+0530 INFO  RuntimeStats$ProgressTicker 
2019-08-05 17:05:01,781+0530 DEBUG swift FOREACH_IT_START line=8 thread=R-1
2019-08-05 17:05:01,781+0530 DEBUG swift SCOPE thread=R-1
2019-08-05 17:05:01,781+0530 DEBUG swift FOREACH_IT_START line=8 thread=R-2
2019-08-05 17:05:01,781+0530 DEBUG swift SCOPE thread=R-2
2019-08-05 17:05:01,782+0530 DEBUG swift FOREACH_IT_START line=8 thread=R-3
2019-08-05 17:05:01,782+0530 DEBUG swift FOREACH_IT_START line=8 thread=R-5
2019-08-05 17:05:01,782+0530 DEBUG swift SCOPE thread=R-5
2019-08-05 17:05:01,782+0530 DEBUG swift FOREACH_IT_START line=8 thread=R-6
2019-08-05 17:05:01,782+0530 DEBUG swift SCOPE thread=R-6
2019-08-05 17:05:01,783+0530 DEBUG swift FOREACH_IT_START line=8 thread=R-7
2019-08-05 17:05:01,783+0530 DEBUG swift SCOPE thread=R-7
2019-08-05 17:05:01,782+0530 DEBUG swift FOREACH_IT_START line=8 thread=R-4
2019-08-05 17:05:01,783+0530 DEBUG swift SCOPE thread=R-4
2019-08-05 17:05:01,783+0530 DEBUG swift FOREACH_IT_START line=8 thread=R-8
2019-08-05 17:05:01,783+0530 DEBUG swift SCOPE thread=R-8
2019-08-05 17:05:01,783+0530 DEBUG swift SCOPE thread=R-3
2019-08-05 17:05:01,784+0530 DEBUG swift FOREACH_IT_START line=8 thread=R-10
2019-08-05 17:05:01,784+0530 DEBUG swift SCOPE thread=R-10
2019-08-05 17:05:01,784+0530 DEBUG swift FOREACH_IT_START line=8 thread=R-9
2019-08-05 17:05:01,784+0530 DEBUG swift SCOPE thread=R-9
2019-08-05 17:05:01,785+0530 DEBUG swift PROCEDURE line=3 thread=R-5-1 name=simulation
2019-08-05 17:05:01,787+0530 DEBUG swift PROCEDURE line=3 thread=R-2-1 name=simulation
2019-08-05 17:05:01,788+0530 DEBUG swift PROCEDURE line=3 thread=R-4-1 name=simulation
2019-08-05 17:05:01,788+0530 DEBUG swift PROCEDURE line=3 thread=R-8-1 name=simulation
2019-08-05 17:05:01,788+0530 DEBUG swift JOB_INIT jobid=rand-nq127cbo tr=rand
2019-08-05 17:05:01,788+0530 DEBUG swift JOB_INIT jobid=rand-oq127cbo tr=rand
2019-08-05 17:05:01,788+0530 DEBUG swift JOB_SITE_SELECT jobid=rand-nq127cbo
2019-08-05 17:05:01,788+0530 DEBUG swift PROCEDURE line=3 thread=R-3-1 name=simulation
2019-08-05 17:05:01,788+0530 DEBUG swift JOB_INIT jobid=rand-pq127cbo tr=rand
2019-08-05 17:05:01,788+0530 DEBUG swift JOB_SITE_SELECT jobid=rand-pq127cbo
2019-08-05 17:05:01,787+0530 DEBUG swift PROCEDURE line=3 thread=R-9-1 name=simulation
2019-08-05 17:05:01,788+0530 DEBUG swift JOB_INIT jobid=rand-qq127cbo tr=rand
2019-08-05 17:05:01,789+0530 DEBUG swift JOB_SITE_SELECT jobid=rand-qq127cbo
2019-08-05 17:05:01,787+0530 DEBUG swift PROCEDURE line=3 thread=R-6-1 name=simulation
2019-08-05 17:05:01,789+0530 DEBUG swift JOB_INIT jobid=rand-rq127cbo tr=rand
2019-08-05 17:05:01,789+0530 DEBUG swift JOB_SITE_SELECT jobid=rand-rq127cbo
2019-08-05 17:05:01,789+0530 DEBUG swift JOB_INIT jobid=rand-sq127cbo tr=rand
2019-08-05 17:05:01,789+0530 DEBUG swift JOB_SITE_SELECT jobid=rand-sq127cbo
2019-08-05 17:05:01,787+0530 DEBUG swift JOB_INIT jobid=rand-mq127cbo tr=rand
2019-08-05 17:05:01,790+0530 DEBUG swift JOB_SITE_SELECT jobid=rand-mq127cbo
2019-08-05 17:05:01,787+0530 DEBUG swift PROCEDURE line=3 thread=R-10-1 name=simulation
2019-08-05 17:05:01,791+0530 DEBUG swift JOB_INIT jobid=rand-tq127cbo tr=rand
2019-08-05 17:05:01,791+0530 DEBUG swift JOB_SITE_SELECT jobid=rand-tq127cbo
2019-08-05 17:05:01,791+0530 DEBUG swift PROCEDURE line=3 thread=R-7-1 name=simulation
2019-08-05 17:05:01,791+0530 DEBUG swift JOB_INIT jobid=rand-uq127cbo tr=rand
2019-08-05 17:05:01,791+0530 DEBUG swift JOB_SITE_SELECT jobid=rand-uq127cbo
2019-08-05 17:05:01,791+0530 DEBUG swift PROCEDURE line=3 thread=R-1x2 name=simulation
2019-08-05 17:05:01,792+0530 DEBUG swift JOB_INIT jobid=rand-vq127cbo tr=rand
2019-08-05 17:05:01,792+0530 DEBUG swift JOB_SITE_SELECT jobid=rand-vq127cbo
2019-08-05 17:05:01,794+0530 INFO  swift START host=local - Initializing shared directory
2019-08-05 17:05:01,788+0530 DEBUG swift JOB_SITE_SELECT jobid=rand-oq127cbo
2019-08-05 17:05:01,800+0530 INFO  LateBindingScheduler jobs queued: 8
2019-08-05 17:05:01,808+0530 INFO  LateBindingScheduler jobs queued: 8
2019-08-05 17:05:01,809+0530 INFO  LateBindingScheduler jobs queued: 8
2019-08-05 17:05:01,809+0530 INFO  LateBindingScheduler jobs queued: 8
2019-08-05 17:05:01,809+0530 INFO  swift END host=local - Done initializing shared directory
2019-08-05 17:05:01,810+0530 DEBUG swift THREAD_ASSOCIATION jobid=rand-tq127cbo thread=R-10-1 host=local replicationGroup=null
2019-08-05 17:05:01,810+0530 DEBUG swift THREAD_ASSOCIATION jobid=rand-nq127cbo thread=R-8-1 host=local replicationGroup=null
2019-08-05 17:05:01,811+0530 INFO  swift START jobid=rand-tq127cbo host=local - Initializing directory structure
2019-08-05 17:05:01,811+0530 INFO  swift START jobid=rand-nq127cbo host=local - Initializing directory structure
2019-08-05 17:05:01,811+0530 INFO  swift START path=output dir=p2-run002/shared - Creating directory structure
2019-08-05 17:05:01,811+0530 INFO  LateBindingScheduler jobs queued: 8
2019-08-05 17:05:01,811+0530 INFO  swift END jobid=rand-nq127cbo - Done initializing directory structure
2019-08-05 17:05:01,811+0530 INFO  swift START jobid=rand-nq127cbo - Staging in files []
2019-08-05 17:05:01,811+0530 INFO  swift END jobid=rand-nq127cbo - Staging in finished
2019-08-05 17:05:01,812+0530 DEBUG swift JOB_START jobid=rand-nq127cbo tr=rand arguments=[] tmpdir=p2-run002/jobs/r/rand-nq127cbo host=local
2019-08-05 17:05:01,815+0530 INFO  Execute JOB_TASK jobid=rand-nq127cbo taskid=urn:R-8-1-1565004900933 exec=/bin/bash dir=p2-run002 args=shared/_swiftwrap rand-nq127cbo -jobdir r -scratch  -e rand -out output/sim_7.out -err stderr.txt -i -d output -if  -of output/sim_7.out -cf  -cdmfile -status files -a
2019-08-05 17:05:01,815+0530 INFO  swift END jobid=rand-tq127cbo - Done initializing directory structure
2019-08-05 17:05:01,816+0530 INFO  swift START jobid=rand-tq127cbo - Staging in files []
2019-08-05 17:05:01,816+0530 INFO  swift END jobid=rand-tq127cbo - Staging in finished
2019-08-05 17:05:01,816+0530 DEBUG swift JOB_START jobid=rand-tq127cbo tr=rand arguments=[] tmpdir=p2-run002/jobs/r/rand-tq127cbo host=local
2019-08-05 17:05:01,816+0530 INFO  Execute JOB_TASK jobid=rand-tq127cbo taskid=urn:R-10-1-1565004900935 exec=/bin/bash dir=p2-run002 args=shared/_swiftwrap rand-tq127cbo -jobdir r -scratch  -e rand -out output/sim_9.out -err stderr.txt -i -d output -if  -of output/sim_9.out -cf  -cdmfile -status files -a
2019-08-05 17:05:01,819+0530 INFO  Execute TASK_STATUS_CHANGE taskid=urn:R-10-1-1565004900935 status=8
2019-08-05 17:05:01,819+0530 INFO  Execute TASK_STATUS_CHANGE taskid=urn:R-8-1-1565004900933 status=8
2019-08-05 17:05:01,819+0530 INFO  Execute TASK_STATUS_CHANGE taskid=urn:R-10-1-1565004900935 status=1
2019-08-05 17:05:01,819+0530 INFO  Execute TASK_STATUS_CHANGE taskid=urn:R-8-1-1565004900933 status=1
2019-08-05 17:05:01,865+0530 INFO  Execute TASK_STATUS_CHANGE taskid=urn:R-8-1-1565004900933 status=2
2019-08-05 17:05:01,865+0530 INFO  Execute TASK_STATUS_CHANGE taskid=urn:R-10-1-1565004900935 status=2
2019-08-05 17:05:01,907+0530 INFO  LateBindingScheduler jobs queued: 8
2019-08-05 17:05:01,907+0530 INFO  Execute TASK_STATUS_CHANGE taskid=urn:R-10-1-1565004900935 status=7
2019-08-05 17:05:01,907+0530 INFO  LateBindingScheduler jobs queued: 8
2019-08-05 17:05:01,907+0530 DEBUG swift START jobid=rand-tq127cbo
2019-08-05 17:05:01,907+0530 INFO  Execute TASK_STATUS_CHANGE taskid=urn:R-8-1-1565004900933 status=7
2019-08-05 17:05:01,907+0530 DEBUG swift START jobid=rand-nq127cbo
2019-08-05 17:05:01,908+0530 INFO  LateBindingScheduler jobs queued: 8
2019-08-05 17:05:01,908+0530 INFO  LateBindingScheduler jobs queued: 8
2019-08-05 17:05:01,908+0530 INFO  swift SUCCESS jobid=rand-tq127cbo - Success file found
2019-08-05 17:05:01,908+0530 DEBUG swift STAGING_OUT jobid=rand-tq127cbo
2019-08-05 17:05:01,908+0530 INFO  swift SUCCESS jobid=rand-nq127cbo - Success file found
2019-08-05 17:05:01,908+0530 DEBUG swift STAGING_OUT jobid=rand-nq127cbo
2019-08-05 17:05:01,908+0530 INFO  swift START jobid=rand-tq127cbo - Staging out files
2019-08-05 17:05:01,908+0530 INFO  swift START jobid=rand-nq127cbo - Staging out files
2019-08-05 17:05:01,908+0530 DEBUG swift stageouts: [file://localhost/output/sim_9.out]
2019-08-05 17:05:01,908+0530 DEBUG swift stageouts: [file://localhost/output/sim_7.out]
2019-08-05 17:05:01,909+0530 DEBUG swift FILE_STAGE_OUT_START srcname=sim_9.out srcdir=p2-run002/shared/output srchost=local destdir=output desthost=localhost provider=file jobid=rand-tq127cbo
2019-08-05 17:05:01,909+0530 DEBUG swift FILE_STAGE_OUT_START srcname=sim_7.out srcdir=p2-run002/shared/output srchost=local destdir=output desthost=localhost provider=file jobid=rand-nq127cbo
2019-08-05 17:05:01,910+0530 INFO  LateBindingScheduler jobs queued: 8
2019-08-05 17:05:01,910+0530 INFO  LateBindingScheduler jobs queued: 8
2019-08-05 17:05:01,911+0530 DEBUG swift CDM: file://localhost/output/sim_9.out : DEFAULT
2019-08-05 17:05:01,911+0530 DEBUG swift CDM: file://localhost/output/sim_7.out : DEFAULT
2019-08-05 17:05:01,912+0530 INFO  LateBindingScheduler jobs queued: 8
2019-08-05 17:05:01,912+0530 INFO  LateBindingScheduler jobs queued: 8
2019-08-05 17:05:01,912+0530 DEBUG swift FILE_STAGE_OUT_END srcname=sim_7.out srcdir=p2-run002/shared/output srchost=local destdir=output desthost=localhost provider=file
2019-08-05 17:05:01,913+0530 DEBUG swift FILE_STAGE_OUT_END srcname=sim_9.out srcdir=p2-run002/shared/output srchost=local destdir=output desthost=localhost provider=file
2019-08-05 17:05:01,914+0530 INFO  LateBindingScheduler jobs queued: 8
2019-08-05 17:05:01,914+0530 INFO  LateBindingScheduler jobs queued: 8
2019-08-05 17:05:01,916+0530 INFO  swift END jobid=rand-nq127cbo - Staging out finished
2019-08-05 17:05:01,916+0530 INFO  swift END jobid=rand-tq127cbo - Staging out finished
2019-08-05 17:05:01,916+0530 INFO  LateBindingScheduler jobs queued: 8
2019-08-05 17:05:01,916+0530 INFO  LateBindingScheduler jobs queued: 8
2019-08-05 17:05:01,917+0530 DEBUG swift JOB_END jobid=rand-nq127cbo
2019-08-05 17:05:01,917+0530 DEBUG swift JOB_END jobid=rand-tq127cbo
2019-08-05 17:05:01,917+0530 INFO  swift END_SUCCESS thread=R-8-1 tr=rand
2019-08-05 17:05:01,917+0530 INFO  swift END_SUCCESS thread=R-10-1 tr=rand
2019-08-05 17:05:01,917+0530 DEBUG swift PROCEDURE_END line=3 thread=R-8-1 name=simulation
2019-08-05 17:05:01,917+0530 DEBUG swift PROCEDURE_END line=3 thread=R-10-1 name=simulation
2019-08-05 17:05:01,917+0530 INFO  SwiftFunction Cleaning f:file = <FILE> - Closed
2019-08-05 17:05:01,917+0530 INFO  SwiftFunction Cleaning f:file = <FILE> - Closed
2019-08-05 17:05:01,917+0530 DEBUG swift FOREACH_IT_END line=8 thread=R-8
2019-08-05 17:05:01,917+0530 DEBUG swift FOREACH_IT_END line=8 thread=R-10
2019-08-05 17:05:02,018+0530 DEBUG swift THREAD_ASSOCIATION jobid=rand-uq127cbo thread=R-7-1 host=local replicationGroup=null
2019-08-05 17:05:02,018+0530 DEBUG swift THREAD_ASSOCIATION jobid=rand-vq127cbo thread=R-1x2 host=local replicationGroup=null
2019-08-05 17:05:02,018+0530 INFO  swift START jobid=rand-uq127cbo host=local - Initializing directory structure
2019-08-05 17:05:02,018+0530 INFO  swift START jobid=rand-vq127cbo host=local - Initializing directory structure
2019-08-05 17:05:02,018+0530 INFO  swift END jobid=rand-uq127cbo - Done initializing directory structure
2019-08-05 17:05:02,018+0530 INFO  swift END jobid=rand-vq127cbo - Done initializing directory structure
2019-08-05 17:05:02,018+0530 INFO  swift START jobid=rand-uq127cbo - Staging in files []
2019-08-05 17:05:02,018+0530 INFO  swift START jobid=rand-vq127cbo - Staging in files []
2019-08-05 17:05:02,018+0530 INFO  swift END jobid=rand-uq127cbo - Staging in finished
2019-08-05 17:05:02,018+0530 INFO  swift END jobid=rand-vq127cbo - Staging in finished
2019-08-05 17:05:02,018+0530 DEBUG swift JOB_START jobid=rand-uq127cbo tr=rand arguments=[] tmpdir=p2-run002/jobs/r/rand-uq127cbo host=local
2019-08-05 17:05:02,019+0530 DEBUG swift JOB_START jobid=rand-vq127cbo tr=rand arguments=[] tmpdir=p2-run002/jobs/r/rand-vq127cbo host=local
2019-08-05 17:05:02,019+0530 INFO  Execute JOB_TASK jobid=rand-uq127cbo taskid=urn:R-7-1-1565004900963 exec=/bin/bash dir=p2-run002 args=shared/_swiftwrap rand-uq127cbo -jobdir r -scratch  -e rand -out output/sim_6.out -err stderr.txt -i -d output -if  -of output/sim_6.out -cf  -cdmfile -status files -a
2019-08-05 17:05:02,019+0530 INFO  Execute JOB_TASK jobid=rand-vq127cbo taskid=urn:R-1x2-1565004900964 exec=/bin/bash dir=p2-run002 args=shared/_swiftwrap rand-vq127cbo -jobdir r -scratch  -e rand -out output/sim_0.out -err stderr.txt -i -d output -if  -of output/sim_0.out -cf  -cdmfile -status files -a
2019-08-05 17:05:02,020+0530 INFO  Execute TASK_STATUS_CHANGE taskid=urn:R-7-1-1565004900963 status=8
2019-08-05 17:05:02,020+0530 INFO  Execute TASK_STATUS_CHANGE taskid=urn:R-1x2-1565004900964 status=8
2019-08-05 17:05:02,020+0530 INFO  Execute TASK_STATUS_CHANGE taskid=urn:R-7-1-1565004900963 status=1
2019-08-05 17:05:02,020+0530 INFO  Execute TASK_STATUS_CHANGE taskid=urn:R-1x2-1565004900964 status=1
2019-08-05 17:05:02,021+0530 INFO  Execute TASK_STATUS_CHANGE taskid=urn:R-1x2-1565004900964 status=2
2019-08-05 17:05:02,028+0530 INFO  Execute TASK_STATUS_CHANGE taskid=urn:R-7-1-1565004900963 status=2
2019-08-05 17:05:02,145+0530 INFO  LateBindingScheduler jobs queued: 6
2019-08-05 17:05:02,145+0530 INFO  Execute TASK_STATUS_CHANGE taskid=urn:R-1x2-1565004900964 status=7
2019-08-05 17:05:02,146+0530 DEBUG swift START jobid=rand-vq127cbo
2019-08-05 17:05:02,147+0530 INFO  LateBindingScheduler jobs queued: 6
2019-08-05 17:05:02,148+0530 INFO  swift SUCCESS jobid=rand-vq127cbo - Success file found
2019-08-05 17:05:02,148+0530 DEBUG swift STAGING_OUT jobid=rand-vq127cbo
2019-08-05 17:05:02,148+0530 INFO  swift START jobid=rand-vq127cbo - Staging out files
2019-08-05 17:05:02,148+0530 DEBUG swift stageouts: [file://localhost/output/sim_0.out]
2019-08-05 17:05:02,148+0530 DEBUG swift FILE_STAGE_OUT_START srcname=sim_0.out srcdir=p2-run002/shared/output srchost=local destdir=output desthost=localhost provider=file jobid=rand-vq127cbo
2019-08-05 17:05:02,149+0530 INFO  LateBindingScheduler jobs queued: 6
2019-08-05 17:05:02,150+0530 DEBUG swift CDM: file://localhost/output/sim_0.out : DEFAULT
2019-08-05 17:05:02,150+0530 INFO  LateBindingScheduler jobs queued: 7
2019-08-05 17:05:02,150+0530 INFO  Execute TASK_STATUS_CHANGE taskid=urn:R-7-1-1565004900963 status=7
2019-08-05 17:05:02,150+0530 DEBUG swift START jobid=rand-uq127cbo
2019-08-05 17:05:02,152+0530 INFO  LateBindingScheduler jobs queued: 6
2019-08-05 17:05:02,152+0530 INFO  LateBindingScheduler jobs queued: 6
2019-08-05 17:05:02,153+0530 INFO  swift SUCCESS jobid=rand-uq127cbo - Success file found
2019-08-05 17:05:02,153+0530 DEBUG swift STAGING_OUT jobid=rand-uq127cbo
2019-08-05 17:05:02,153+0530 INFO  swift START jobid=rand-uq127cbo - Staging out files
2019-08-05 17:05:02,153+0530 DEBUG swift stageouts: [file://localhost/output/sim_6.out]
2019-08-05 17:05:02,154+0530 DEBUG swift FILE_STAGE_OUT_START srcname=sim_6.out srcdir=p2-run002/shared/output srchost=local destdir=output desthost=localhost provider=file jobid=rand-uq127cbo
2019-08-05 17:05:02,153+0530 DEBUG swift FILE_STAGE_OUT_END srcname=sim_0.out srcdir=p2-run002/shared/output srchost=local destdir=output desthost=localhost provider=file
2019-08-05 17:05:02,155+0530 INFO  LateBindingScheduler jobs queued: 6
2019-08-05 17:05:02,156+0530 INFO  LateBindingScheduler jobs queued: 6
2019-08-05 17:05:02,156+0530 DEBUG swift CDM: file://localhost/output/sim_6.out : DEFAULT
2019-08-05 17:05:02,158+0530 INFO  swift END jobid=rand-vq127cbo - Staging out finished
2019-08-05 17:05:02,161+0530 INFO  LateBindingScheduler jobs queued: 6
2019-08-05 17:05:02,161+0530 DEBUG swift FILE_STAGE_OUT_END srcname=sim_6.out srcdir=p2-run002/shared/output srchost=local destdir=output desthost=localhost provider=file
2019-08-05 17:05:02,162+0530 INFO  LateBindingScheduler jobs queued: 7
2019-08-05 17:05:02,162+0530 INFO  LateBindingScheduler jobs queued: 7
2019-08-05 17:05:02,163+0530 DEBUG swift JOB_END jobid=rand-vq127cbo
2019-08-05 17:05:02,163+0530 INFO  swift END_SUCCESS thread=R-1x2 tr=rand
2019-08-05 17:05:02,163+0530 DEBUG swift PROCEDURE_END line=3 thread=R-1x2 name=simulation
2019-08-05 17:05:02,164+0530 INFO  SwiftFunction Cleaning f:file = <FILE> - Closed
2019-08-05 17:05:02,164+0530 DEBUG swift FOREACH_IT_END line=8 thread=R-1
2019-08-05 17:05:02,164+0530 INFO  swift END jobid=rand-uq127cbo - Staging out finished
2019-08-05 17:05:02,165+0530 DEBUG swift THREAD_ASSOCIATION jobid=rand-oq127cbo thread=R-4-1 host=local replicationGroup=null
2019-08-05 17:05:02,165+0530 INFO  swift START jobid=rand-oq127cbo host=local - Initializing directory structure
2019-08-05 17:05:02,165+0530 INFO  swift END jobid=rand-oq127cbo - Done initializing directory structure
2019-08-05 17:05:02,165+0530 INFO  swift START jobid=rand-oq127cbo - Staging in files []
2019-08-05 17:05:02,165+0530 INFO  swift END jobid=rand-oq127cbo - Staging in finished
2019-08-05 17:05:02,165+0530 DEBUG swift JOB_START jobid=rand-oq127cbo tr=rand arguments=[] tmpdir=p2-run002/jobs/r/rand-oq127cbo host=local
2019-08-05 17:05:02,166+0530 INFO  Execute JOB_TASK jobid=rand-oq127cbo taskid=urn:R-4-1-1565004900987 exec=/bin/bash dir=p2-run002 args=shared/_swiftwrap rand-oq127cbo -jobdir r -scratch  -e rand -out output/sim_3.out -err stderr.txt -i -d output -if  -of output/sim_3.out -cf  -cdmfile -status files -a
2019-08-05 17:05:02,166+0530 INFO  Execute TASK_STATUS_CHANGE taskid=urn:R-4-1-1565004900987 status=8
2019-08-05 17:05:02,167+0530 INFO  Execute TASK_STATUS_CHANGE taskid=urn:R-4-1-1565004900987 status=1
2019-08-05 17:05:02,169+0530 INFO  Execute TASK_STATUS_CHANGE taskid=urn:R-4-1-1565004900987 status=2
2019-08-05 17:05:02,169+0530 INFO  LateBindingScheduler jobs queued: 5
2019-08-05 17:05:02,170+0530 DEBUG swift JOB_END jobid=rand-uq127cbo
2019-08-05 17:05:02,170+0530 INFO  swift END_SUCCESS thread=R-7-1 tr=rand
2019-08-05 17:05:02,171+0530 DEBUG swift PROCEDURE_END line=3 thread=R-7-1 name=simulation
2019-08-05 17:05:02,171+0530 INFO  SwiftFunction Cleaning f:file = <FILE> - Closed
2019-08-05 17:05:02,171+0530 DEBUG swift FOREACH_IT_END line=8 thread=R-7
2019-08-05 17:05:02,270+0530 INFO  LateBindingScheduler jobs queued: 4
2019-08-05 17:05:02,270+0530 INFO  Execute TASK_STATUS_CHANGE taskid=urn:R-4-1-1565004900987 status=7
2019-08-05 17:05:02,271+0530 DEBUG swift THREAD_ASSOCIATION jobid=rand-qq127cbo thread=R-9-1 host=local replicationGroup=null
2019-08-05 17:05:02,271+0530 DEBUG swift START jobid=rand-oq127cbo
2019-08-05 17:05:02,272+0530 INFO  swift START jobid=rand-qq127cbo host=local - Initializing directory structure
2019-08-05 17:05:02,272+0530 INFO  swift END jobid=rand-qq127cbo - Done initializing directory structure
2019-08-05 17:05:02,272+0530 INFO  swift START jobid=rand-qq127cbo - Staging in files []
2019-08-05 17:05:02,272+0530 INFO  LateBindingScheduler jobs queued: 4
2019-08-05 17:05:02,273+0530 INFO  swift END jobid=rand-qq127cbo - Staging in finished
2019-08-05 17:05:02,273+0530 DEBUG swift JOB_START jobid=rand-qq127cbo tr=rand arguments=[] tmpdir=p2-run002/jobs/r/rand-qq127cbo host=local
2019-08-05 17:05:02,273+0530 INFO  swift SUCCESS jobid=rand-oq127cbo - Success file found
2019-08-05 17:05:02,273+0530 DEBUG swift STAGING_OUT jobid=rand-oq127cbo
2019-08-05 17:05:02,273+0530 INFO  swift START jobid=rand-oq127cbo - Staging out files
2019-08-05 17:05:02,273+0530 DEBUG swift stageouts: [file://localhost/output/sim_3.out]
2019-08-05 17:05:02,273+0530 INFO  Execute JOB_TASK jobid=rand-qq127cbo taskid=urn:R-9-1-1565004900994 exec=/bin/bash dir=p2-run002 args=shared/_swiftwrap rand-qq127cbo -jobdir r -scratch  -e rand -out output/sim_8.out -err stderr.txt -i -d output -if  -of output/sim_8.out -cf  -cdmfile -status files -a
2019-08-05 17:05:02,274+0530 DEBUG swift FILE_STAGE_OUT_START srcname=sim_3.out srcdir=p2-run002/shared/output srchost=local destdir=output desthost=localhost provider=file jobid=rand-oq127cbo
2019-08-05 17:05:02,274+0530 INFO  Execute TASK_STATUS_CHANGE taskid=urn:R-9-1-1565004900994 status=8
2019-08-05 17:05:02,274+0530 INFO  Execute TASK_STATUS_CHANGE taskid=urn:R-9-1-1565004900994 status=1
2019-08-05 17:05:02,275+0530 INFO  LateBindingScheduler jobs queued: 4
2019-08-05 17:05:02,275+0530 DEBUG swift CDM: file://localhost/output/sim_3.out : DEFAULT
2019-08-05 17:05:02,276+0530 INFO  Execute TASK_STATUS_CHANGE taskid=urn:R-9-1-1565004900994 status=2
2019-08-05 17:05:02,278+0530 INFO  LateBindingScheduler jobs queued: 4
2019-08-05 17:05:02,279+0530 DEBUG swift FILE_STAGE_OUT_END srcname=sim_3.out srcdir=p2-run002/shared/output srchost=local destdir=output desthost=localhost provider=file
2019-08-05 17:05:02,280+0530 INFO  LateBindingScheduler jobs queued: 4
2019-08-05 17:05:02,281+0530 INFO  swift END jobid=rand-oq127cbo - Staging out finished
2019-08-05 17:05:02,284+0530 INFO  LateBindingScheduler jobs queued: 4
2019-08-05 17:05:02,285+0530 DEBUG swift JOB_END jobid=rand-oq127cbo
2019-08-05 17:05:02,285+0530 INFO  swift END_SUCCESS thread=R-4-1 tr=rand
2019-08-05 17:05:02,285+0530 DEBUG swift PROCEDURE_END line=3 thread=R-4-1 name=simulation
2019-08-05 17:05:02,286+0530 INFO  SwiftFunction Cleaning f:file = <FILE> - Closed
2019-08-05 17:05:02,286+0530 DEBUG swift FOREACH_IT_END line=8 thread=R-4
2019-08-05 17:05:02,378+0530 INFO  LateBindingScheduler jobs queued: 4
2019-08-05 17:05:02,378+0530 INFO  Execute TASK_STATUS_CHANGE taskid=urn:R-9-1-1565004900994 status=7
2019-08-05 17:05:02,378+0530 DEBUG swift START jobid=rand-qq127cbo
2019-08-05 17:05:02,378+0530 DEBUG swift THREAD_ASSOCIATION jobid=rand-mq127cbo thread=R-5-1 host=local replicationGroup=null
2019-08-05 17:05:02,379+0530 INFO  swift START jobid=rand-mq127cbo host=local - Initializing directory structure
2019-08-05 17:05:02,379+0530 INFO  swift END jobid=rand-mq127cbo - Done initializing directory structure
2019-08-05 17:05:02,379+0530 INFO  swift START jobid=rand-mq127cbo - Staging in files []
2019-08-05 17:05:02,379+0530 INFO  swift END jobid=rand-mq127cbo - Staging in finished
2019-08-05 17:05:02,379+0530 DEBUG swift JOB_START jobid=rand-mq127cbo tr=rand arguments=[] tmpdir=p2-run002/jobs/r/rand-mq127cbo host=local
2019-08-05 17:05:02,379+0530 INFO  Execute JOB_TASK jobid=rand-mq127cbo taskid=urn:R-5-1-1565004901008 exec=/bin/bash dir=p2-run002 args=shared/_swiftwrap rand-mq127cbo -jobdir r -scratch  -e rand -out output/sim_4.out -err stderr.txt -i -d output -if  -of output/sim_4.out -cf  -cdmfile -status files -a
2019-08-05 17:05:02,379+0530 INFO  Execute TASK_STATUS_CHANGE taskid=urn:R-5-1-1565004901008 status=8
2019-08-05 17:05:02,379+0530 INFO  Execute TASK_STATUS_CHANGE taskid=urn:R-5-1-1565004901008 status=1
2019-08-05 17:05:02,379+0530 INFO  LateBindingScheduler jobs queued: 3
2019-08-05 17:05:02,380+0530 INFO  swift SUCCESS jobid=rand-qq127cbo - Success file found
2019-08-05 17:05:02,380+0530 DEBUG swift STAGING_OUT jobid=rand-qq127cbo
2019-08-05 17:05:02,380+0530 INFO  swift START jobid=rand-qq127cbo - Staging out files
2019-08-05 17:05:02,380+0530 DEBUG swift stageouts: [file://localhost/output/sim_8.out]
2019-08-05 17:05:02,380+0530 INFO  Execute TASK_STATUS_CHANGE taskid=urn:R-5-1-1565004901008 status=2
2019-08-05 17:05:02,380+0530 DEBUG swift FILE_STAGE_OUT_START srcname=sim_8.out srcdir=p2-run002/shared/output srchost=local destdir=output desthost=localhost provider=file jobid=rand-qq127cbo
2019-08-05 17:05:02,380+0530 INFO  LateBindingScheduler jobs queued: 3
2019-08-05 17:05:02,381+0530 DEBUG swift CDM: file://localhost/output/sim_8.out : DEFAULT
2019-08-05 17:05:02,382+0530 INFO  LateBindingScheduler jobs queued: 3
2019-08-05 17:05:02,382+0530 DEBUG swift FILE_STAGE_OUT_END srcname=sim_8.out srcdir=p2-run002/shared/output srchost=local destdir=output desthost=localhost provider=file
2019-08-05 17:05:02,383+0530 INFO  LateBindingScheduler jobs queued: 3
2019-08-05 17:05:02,384+0530 INFO  swift END jobid=rand-qq127cbo - Staging out finished
2019-08-05 17:05:02,385+0530 INFO  LateBindingScheduler jobs queued: 3
2019-08-05 17:05:02,385+0530 DEBUG swift JOB_END jobid=rand-qq127cbo
2019-08-05 17:05:02,385+0530 INFO  swift END_SUCCESS thread=R-9-1 tr=rand
2019-08-05 17:05:02,385+0530 DEBUG swift PROCEDURE_END line=3 thread=R-9-1 name=simulation
2019-08-05 17:05:02,385+0530 INFO  SwiftFunction Cleaning f:file = <FILE> - Closed
2019-08-05 17:05:02,385+0530 DEBUG swift FOREACH_IT_END line=8 thread=R-9
2019-08-05 17:05:02,420+0530 INFO  LateBindingScheduler jobs queued: 3
2019-08-05 17:05:02,421+0530 INFO  Execute TASK_STATUS_CHANGE taskid=urn:R-5-1-1565004901008 status=7
2019-08-05 17:05:02,421+0530 DEBUG swift START jobid=rand-mq127cbo
2019-08-05 17:05:02,421+0530 DEBUG swift THREAD_ASSOCIATION jobid=rand-sq127cbo thread=R-2-1 host=local replicationGroup=null
2019-08-05 17:05:02,421+0530 INFO  swift START jobid=rand-sq127cbo host=local - Initializing directory structure
2019-08-05 17:05:02,421+0530 INFO  swift END jobid=rand-sq127cbo - Done initializing directory structure
2019-08-05 17:05:02,421+0530 INFO  swift START jobid=rand-sq127cbo - Staging in files []
2019-08-05 17:05:02,421+0530 INFO  swift END jobid=rand-sq127cbo - Staging in finished
2019-08-05 17:05:02,421+0530 DEBUG swift JOB_START jobid=rand-sq127cbo tr=rand arguments=[] tmpdir=p2-run002/jobs/r/rand-sq127cbo host=local
2019-08-05 17:05:02,421+0530 INFO  Execute JOB_TASK jobid=rand-sq127cbo taskid=urn:R-2-1-1565004901022 exec=/bin/bash dir=p2-run002 args=shared/_swiftwrap rand-sq127cbo -jobdir r -scratch  -e rand -out output/sim_1.out -err stderr.txt -i -d output -if  -of output/sim_1.out -cf  -cdmfile -status files -a
2019-08-05 17:05:02,422+0530 INFO  Execute TASK_STATUS_CHANGE taskid=urn:R-2-1-1565004901022 status=8
2019-08-05 17:05:02,422+0530 INFO  LateBindingScheduler jobs queued: 2
2019-08-05 17:05:02,422+0530 INFO  Execute TASK_STATUS_CHANGE taskid=urn:R-2-1-1565004901022 status=1
2019-08-05 17:05:02,422+0530 INFO  swift SUCCESS jobid=rand-mq127cbo - Success file found
2019-08-05 17:05:02,422+0530 DEBUG swift STAGING_OUT jobid=rand-mq127cbo
2019-08-05 17:05:02,422+0530 INFO  swift START jobid=rand-mq127cbo - Staging out files
2019-08-05 17:05:02,422+0530 DEBUG swift stageouts: [file://localhost/output/sim_4.out]
2019-08-05 17:05:02,422+0530 DEBUG swift FILE_STAGE_OUT_START srcname=sim_4.out srcdir=p2-run002/shared/output srchost=local destdir=output desthost=localhost provider=file jobid=rand-mq127cbo
2019-08-05 17:05:02,423+0530 INFO  LateBindingScheduler jobs queued: 2
2019-08-05 17:05:02,423+0530 INFO  Execute TASK_STATUS_CHANGE taskid=urn:R-2-1-1565004901022 status=2
2019-08-05 17:05:02,423+0530 DEBUG swift CDM: file://localhost/output/sim_4.out : DEFAULT
2019-08-05 17:05:02,424+0530 INFO  LateBindingScheduler jobs queued: 2
2019-08-05 17:05:02,424+0530 DEBUG swift FILE_STAGE_OUT_END srcname=sim_4.out srcdir=p2-run002/shared/output srchost=local destdir=output desthost=localhost provider=file
2019-08-05 17:05:02,425+0530 INFO  LateBindingScheduler jobs queued: 2
2019-08-05 17:05:02,426+0530 INFO  swift END jobid=rand-mq127cbo - Staging out finished
2019-08-05 17:05:02,427+0530 INFO  LateBindingScheduler jobs queued: 2
2019-08-05 17:05:02,427+0530 DEBUG swift JOB_END jobid=rand-mq127cbo
2019-08-05 17:05:02,427+0530 INFO  swift END_SUCCESS thread=R-5-1 tr=rand
2019-08-05 17:05:02,427+0530 DEBUG swift PROCEDURE_END line=3 thread=R-5-1 name=simulation
2019-08-05 17:05:02,427+0530 INFO  SwiftFunction Cleaning f:file = <FILE> - Closed
2019-08-05 17:05:02,427+0530 DEBUG swift FOREACH_IT_END line=8 thread=R-5
2019-08-05 17:05:02,463+0530 INFO  LateBindingScheduler jobs queued: 2
2019-08-05 17:05:02,463+0530 INFO  Execute TASK_STATUS_CHANGE taskid=urn:R-2-1-1565004901022 status=7
2019-08-05 17:05:02,464+0530 DEBUG swift START jobid=rand-sq127cbo
2019-08-05 17:05:02,464+0530 DEBUG swift THREAD_ASSOCIATION jobid=rand-pq127cbo thread=R-3-1 host=local replicationGroup=null
2019-08-05 17:05:02,464+0530 INFO  swift START jobid=rand-pq127cbo host=local - Initializing directory structure
2019-08-05 17:05:02,464+0530 INFO  swift END jobid=rand-pq127cbo - Done initializing directory structure
2019-08-05 17:05:02,464+0530 INFO  swift START jobid=rand-pq127cbo - Staging in files []
2019-08-05 17:05:02,464+0530 INFO  swift END jobid=rand-pq127cbo - Staging in finished
2019-08-05 17:05:02,464+0530 INFO  LateBindingScheduler jobs queued: 1
2019-08-05 17:05:02,464+0530 DEBUG swift JOB_START jobid=rand-pq127cbo tr=rand arguments=[] tmpdir=p2-run002/jobs/r/rand-pq127cbo host=local
2019-08-05 17:05:02,464+0530 INFO  swift SUCCESS jobid=rand-sq127cbo - Success file found
2019-08-05 17:05:02,465+0530 DEBUG swift STAGING_OUT jobid=rand-sq127cbo
2019-08-05 17:05:02,465+0530 INFO  swift START jobid=rand-sq127cbo - Staging out files
2019-08-05 17:05:02,465+0530 DEBUG swift stageouts: [file://localhost/output/sim_1.out]
2019-08-05 17:05:02,465+0530 INFO  Execute JOB_TASK jobid=rand-pq127cbo taskid=urn:R-3-1-1565004901036 exec=/bin/bash dir=p2-run002 args=shared/_swiftwrap rand-pq127cbo -jobdir r -scratch  -e rand -out output/sim_2.out -err stderr.txt -i -d output -if  -of output/sim_2.out -cf  -cdmfile -status files -a
2019-08-05 17:05:02,465+0530 DEBUG swift FILE_STAGE_OUT_START srcname=sim_1.out srcdir=p2-run002/shared/output srchost=local destdir=output desthost=localhost provider=file jobid=rand-sq127cbo
2019-08-05 17:05:02,465+0530 INFO  Execute TASK_STATUS_CHANGE taskid=urn:R-3-1-1565004901036 status=8
2019-08-05 17:05:02,465+0530 INFO  Execute TASK_STATUS_CHANGE taskid=urn:R-3-1-1565004901036 status=1
2019-08-05 17:05:02,465+0530 INFO  LateBindingScheduler jobs queued: 1
2019-08-05 17:05:02,465+0530 DEBUG swift CDM: file://localhost/output/sim_1.out : DEFAULT
2019-08-05 17:05:02,465+0530 INFO  Execute TASK_STATUS_CHANGE taskid=urn:R-3-1-1565004901036 status=2
2019-08-05 17:05:02,466+0530 INFO  LateBindingScheduler jobs queued: 1
2019-08-05 17:05:02,466+0530 DEBUG swift FILE_STAGE_OUT_END srcname=sim_1.out srcdir=p2-run002/shared/output srchost=local destdir=output desthost=localhost provider=file
2019-08-05 17:05:02,466+0530 INFO  LateBindingScheduler jobs queued: 1
2019-08-05 17:05:02,467+0530 INFO  swift END jobid=rand-sq127cbo - Staging out finished
2019-08-05 17:05:02,474+0530 INFO  LateBindingScheduler jobs queued: 1
2019-08-05 17:05:02,474+0530 DEBUG swift JOB_END jobid=rand-sq127cbo
2019-08-05 17:05:02,474+0530 INFO  swift END_SUCCESS thread=R-2-1 tr=rand
2019-08-05 17:05:02,474+0530 DEBUG swift PROCEDURE_END line=3 thread=R-2-1 name=simulation
2019-08-05 17:05:02,474+0530 INFO  SwiftFunction Cleaning f:file = <FILE> - Closed
2019-08-05 17:05:02,474+0530 DEBUG swift FOREACH_IT_END line=8 thread=R-2
2019-08-05 17:05:02,506+0530 INFO  LateBindingScheduler jobs queued: 1
2019-08-05 17:05:02,506+0530 INFO  Execute TASK_STATUS_CHANGE taskid=urn:R-3-1-1565004901036 status=7
2019-08-05 17:05:02,506+0530 DEBUG swift START jobid=rand-pq127cbo
2019-08-05 17:05:02,506+0530 DEBUG swift THREAD_ASSOCIATION jobid=rand-rq127cbo thread=R-6-1 host=local replicationGroup=null
2019-08-05 17:05:02,506+0530 INFO  swift START jobid=rand-rq127cbo host=local - Initializing directory structure
2019-08-05 17:05:02,506+0530 INFO  swift END jobid=rand-rq127cbo - Done initializing directory structure
2019-08-05 17:05:02,506+0530 INFO  swift START jobid=rand-rq127cbo - Staging in files []
2019-08-05 17:05:02,506+0530 INFO  swift END jobid=rand-rq127cbo - Staging in finished
2019-08-05 17:05:02,506+0530 DEBUG swift JOB_START jobid=rand-rq127cbo tr=rand arguments=[] tmpdir=p2-run002/jobs/r/rand-rq127cbo host=local
2019-08-05 17:05:02,506+0530 INFO  LateBindingScheduler jobs queued: 0
2019-08-05 17:05:02,506+0530 INFO  Execute JOB_TASK jobid=rand-rq127cbo taskid=urn:R-6-1-1565004901050 exec=/bin/bash dir=p2-run002 args=shared/_swiftwrap rand-rq127cbo -jobdir r -scratch  -e rand -out output/sim_5.out -err stderr.txt -i -d output -if  -of output/sim_5.out -cf  -cdmfile -status files -a
2019-08-05 17:05:02,506+0530 INFO  swift SUCCESS jobid=rand-pq127cbo - Success file found
2019-08-05 17:05:02,507+0530 DEBUG swift STAGING_OUT jobid=rand-pq127cbo
2019-08-05 17:05:02,507+0530 INFO  swift START jobid=rand-pq127cbo - Staging out files
2019-08-05 17:05:02,507+0530 DEBUG swift stageouts: [file://localhost/output/sim_2.out]
2019-08-05 17:05:02,507+0530 DEBUG swift FILE_STAGE_OUT_START srcname=sim_2.out srcdir=p2-run002/shared/output srchost=local destdir=output desthost=localhost provider=file jobid=rand-pq127cbo
2019-08-05 17:05:02,507+0530 INFO  Execute TASK_STATUS_CHANGE taskid=urn:R-6-1-1565004901050 status=8
2019-08-05 17:05:02,507+0530 INFO  Execute TASK_STATUS_CHANGE taskid=urn:R-6-1-1565004901050 status=1
2019-08-05 17:05:02,507+0530 INFO  LateBindingScheduler jobs queued: 0
2019-08-05 17:05:02,507+0530 DEBUG swift CDM: file://localhost/output/sim_2.out : DEFAULT
2019-08-05 17:05:02,507+0530 INFO  Execute TASK_STATUS_CHANGE taskid=urn:R-6-1-1565004901050 status=2
2019-08-05 17:05:02,508+0530 INFO  LateBindingScheduler jobs queued: 0
2019-08-05 17:05:02,508+0530 DEBUG swift FILE_STAGE_OUT_END srcname=sim_2.out srcdir=p2-run002/shared/output srchost=local destdir=output desthost=localhost provider=file
2019-08-05 17:05:02,509+0530 INFO  LateBindingScheduler jobs queued: 0
2019-08-05 17:05:02,509+0530 INFO  swift END jobid=rand-pq127cbo - Staging out finished
2019-08-05 17:05:02,510+0530 INFO  LateBindingScheduler jobs queued: 0
2019-08-05 17:05:02,510+0530 DEBUG swift JOB_END jobid=rand-pq127cbo
2019-08-05 17:05:02,510+0530 INFO  swift END_SUCCESS thread=R-3-1 tr=rand
2019-08-05 17:05:02,510+0530 DEBUG swift PROCEDURE_END line=3 thread=R-3-1 name=simulation
2019-08-05 17:05:02,510+0530 INFO  SwiftFunction Cleaning f:file = <FILE> - Closed
2019-08-05 17:05:02,511+0530 DEBUG swift FOREACH_IT_END line=8 thread=R-3
2019-08-05 17:05:02,548+0530 INFO  LateBindingScheduler jobs queued: 0
2019-08-05 17:05:02,548+0530 INFO  Execute TASK_STATUS_CHANGE taskid=urn:R-6-1-1565004901050 status=7
2019-08-05 17:05:02,548+0530 DEBUG swift START jobid=rand-rq127cbo
2019-08-05 17:05:02,548+0530 INFO  LateBindingScheduler jobs queued: 0
2019-08-05 17:05:02,549+0530 INFO  swift SUCCESS jobid=rand-rq127cbo - Success file found
2019-08-05 17:05:02,549+0530 DEBUG swift STAGING_OUT jobid=rand-rq127cbo
2019-08-05 17:05:02,549+0530 INFO  swift START jobid=rand-rq127cbo - Staging out files
2019-08-05 17:05:02,549+0530 DEBUG swift stageouts: [file://localhost/output/sim_5.out]
2019-08-05 17:05:02,549+0530 DEBUG swift FILE_STAGE_OUT_START srcname=sim_5.out srcdir=p2-run002/shared/output srchost=local destdir=output desthost=localhost provider=file jobid=rand-rq127cbo
2019-08-05 17:05:02,549+0530 INFO  LateBindingScheduler jobs queued: 0
2019-08-05 17:05:02,549+0530 DEBUG swift CDM: file://localhost/output/sim_5.out : DEFAULT
2019-08-05 17:05:02,550+0530 INFO  LateBindingScheduler jobs queued: 0
2019-08-05 17:05:02,550+0530 DEBUG swift FILE_STAGE_OUT_END srcname=sim_5.out srcdir=p2-run002/shared/output srchost=local destdir=output desthost=localhost provider=file
2019-08-05 17:05:02,550+0530 INFO  LateBindingScheduler jobs queued: 0
2019-08-05 17:05:02,551+0530 INFO  swift END jobid=rand-rq127cbo - Staging out finished
2019-08-05 17:05:02,551+0530 INFO  LateBindingScheduler jobs queued: 0
2019-08-05 17:05:02,551+0530 DEBUG swift JOB_END jobid=rand-rq127cbo
2019-08-05 17:05:02,552+0530 INFO  swift END_SUCCESS thread=R-6-1 tr=rand
2019-08-05 17:05:02,552+0530 DEBUG swift PROCEDURE_END line=3 thread=R-6-1 name=simulation
2019-08-05 17:05:02,552+0530 INFO  SwiftFunction Cleaning f:file = <FILE> - Closed
2019-08-05 17:05:02,552+0530 DEBUG swift FOREACH_IT_END line=8 thread=R-6
2019-08-05 17:05:02,552+0530 INFO  RuntimeStats$ProgressTicker HeapMax: 954728448, CrtHeap: 124780544, UsedHeap: 10370096, JVMThreads: 25
2019-08-05 17:05:02,552+0530 INFO  RuntimeStats$ProgressTicker   Finished successfully:10
2019-08-05 17:05:02,558+0530 DEBUG swift Starting cleanups
2019-08-05 17:05:02,558+0530 INFO  swift START cleanups=[[p2-run002, local]]
2019-08-05 17:05:02,558+0530 INFO  swift START dir=p2-run002 host=local
2019-08-05 17:05:02,558+0530 DEBUG swift cdmfile 
2019-08-05 17:05:02,559+0530 INFO  LateBindingScheduler jobs queued: 0
2019-08-05 17:05:02,559+0530 INFO  swift END dir=p2-run002 host=local
2019-08-05 17:05:02,559+0530 INFO  swift END cleanups=[[p2-run002, local]]
2019-08-05 17:05:02,559+0530 DEBUG swift Ending cleanups
2019-08-05 17:05:02,561+0530 INFO  Loader Swift finished with no errors
